Flow report for ALU
Wed Apr 24 23:40:46 2019
Quartus II 64-Bit Version 13.1.0 Build 162 10/23/2013 SJ Web Edition


---------------------
; Table of Contents ;
---------------------
  1. Legal Notice
  2. Flow Summary
  3. Flow Settings
  4. Flow Non-Default Global Settings
  5. Flow Elapsed Time
  6. Flow OS Summary
  7. Flow Log
  8. Flow Messages
  9. Flow Suppressed Messages



----------------
; Legal Notice ;
----------------
Copyright (C) 1991-2013 Altera Corporation
Your use of Altera Corporation's design tools, logic functions 
and other software and tools, and its AMPP partner logic 
functions, and any output files from any of the foregoing 
(including device programming or simulation files), and any 
associated documentation or information are expressly subject 
to the terms and conditions of the Altera Program License 
Subscription Agreement, Altera MegaCore Function License 
Agreement, or other applicable license agreement, including, 
without limitation, that your use is for the sole purpose of 
programming logic devices manufactured by Altera and sold by 
Altera or its authorized distributors.  Please refer to the 
applicable agreement for further details.



+---------------------------------------------------------------------------------+
; Flow Summary                                                                    ;
+------------------------------------+--------------------------------------------+
; Flow Status                        ; Successful - Wed Apr 24 23:40:46 2019      ;
; Quartus II 64-Bit Version          ; 13.1.0 Build 162 10/23/2013 SJ Web Edition ;
; Revision Name                      ; ALU                                        ;
; Top-level Entity Name              ; ALU                                        ;
; Family                             ; Cyclone III                                ;
; Device                             ; EP3C16F484C6                               ;
; Timing Models                      ; Final                                      ;
; Total logic elements               ; 5 / 15,408 ( < 1 % )                       ;
;     Total combinational functions  ; 5 / 15,408 ( < 1 % )                       ;
;     Dedicated logic registers      ; 0 / 15,408 ( 0 % )                         ;
; Total registers                    ; 0                                          ;
; Total pins                         ; 18 / 347 ( 5 % )                           ;
; Total virtual pins                 ; 0                                          ;
; Total memory bits                  ; 0 / 516,096 ( 0 % )                        ;
; Embedded Multiplier 9-bit elements ; 0 / 112 ( 0 % )                            ;
; Total PLLs                         ; 0 / 4 ( 0 % )                              ;
+------------------------------------+--------------------------------------------+


+-----------------------------------------+
; Flow Settings                           ;
+-------------------+---------------------+
; Option            ; Setting             ;
+-------------------+---------------------+
; Start date & time ; 04/24/2019 23:37:59 ;
; Main task         ; Compilation         ;
; Revision Name     ; ALU                 ;
+-------------------+---------------------+


+---------------------------------------------------------------------------------------------------------------------------------------------------------------------------+
; Flow Non-Default Global Settings                                                                                                                                          ;
+-------------------------------------+--------------------------------------------------------------------------------------+---------------+-------------+----------------+
; Assignment Name                     ; Value                                                                                ; Default Value ; Entity Name ; Section Id     ;
+-------------------------------------+--------------------------------------------------------------------------------------+---------------+-------------+----------------+
; COMPILER_SIGNATURE_ID               ; 0.155613827824994                                                                    ; --            ; --          ; --             ;
; EDA_GENERATE_FUNCTIONAL_NETLIST     ; On                                                                                   ; --            ; --          ; eda_simulation ;
; EDA_NETLIST_WRITER_OUTPUT_DIR       ; /home/derectus/Documents/deuceng/computer-architecture/Projects/ALU/simulation/qsim/ ; --            ; --          ; eda_simulation ;
; EDA_OUTPUT_DATA_FORMAT              ; Verilog Hdl                                                                          ; --            ; --          ; eda_simulation ;
; EDA_SIMULATION_TOOL                 ; ModelSim-Altera (Verilog)                                                            ; <None>        ; --          ; --             ;
; IP_TOOL_NAME                        ; LPM_MUX                                                                              ; --            ; --          ; --             ;
; IP_TOOL_NAME                        ; LPM_CLSHIFT                                                                          ; --            ; --          ; --             ;
; IP_TOOL_NAME                        ; ALTFP_ADD_SUB                                                                        ; --            ; --          ; --             ;
; IP_TOOL_NAME                        ; LPM_ADD_SUB                                                                          ; --            ; --          ; --             ;
; IP_TOOL_NAME                        ; LPM_CLSHIFT                                                                          ; --            ; --          ; --             ;
; IP_TOOL_NAME                        ; LPM_CONSTANT                                                                         ; --            ; --          ; --             ;
; IP_TOOL_VERSION                     ; 13.1                                                                                 ; --            ; --          ; --             ;
; IP_TOOL_VERSION                     ; 13.1                                                                                 ; --            ; --          ; --             ;
; IP_TOOL_VERSION                     ; 13.1                                                                                 ; --            ; --          ; --             ;
; IP_TOOL_VERSION                     ; 13.1                                                                                 ; --            ; --          ; --             ;
; IP_TOOL_VERSION                     ; 13.1                                                                                 ; --            ; --          ; --             ;
; IP_TOOL_VERSION                     ; 13.1                                                                                 ; --            ; --          ; --             ;
; MAX_CORE_JUNCTION_TEMP              ; 85                                                                                   ; --            ; --          ; --             ;
; MIN_CORE_JUNCTION_TEMP              ; 0                                                                                    ; --            ; --          ; --             ;
; MISC_FILE                           ; lpm_mux0.bsf                                                                         ; --            ; --          ; --             ;
; MISC_FILE                           ; lpm_mux0.cmp                                                                         ; --            ; --          ; --             ;
; MISC_FILE                           ; lpm_clshift0.bsf                                                                     ; --            ; --          ; --             ;
; MISC_FILE                           ; lpm_clshift0.cmp                                                                     ; --            ; --          ; --             ;
; MISC_FILE                           ; altfp_add_sub0.bsf                                                                   ; --            ; --          ; --             ;
; MISC_FILE                           ; altfp_add_sub0.cmp                                                                   ; --            ; --          ; --             ;
; MISC_FILE                           ; lpm_add_sub0.bsf                                                                     ; --            ; --          ; --             ;
; MISC_FILE                           ; lpm_add_sub0.cmp                                                                     ; --            ; --          ; --             ;
; MISC_FILE                           ; lpm_clshift1.bsf                                                                     ; --            ; --          ; --             ;
; MISC_FILE                           ; lpm_clshift1.cmp                                                                     ; --            ; --          ; --             ;
; MISC_FILE                           ; lpm_constant0.bsf                                                                    ; --            ; --          ; --             ;
; MISC_FILE                           ; lpm_constant0.cmp                                                                    ; --            ; --          ; --             ;
; NOMINAL_CORE_SUPPLY_VOLTAGE         ; 1.2V                                                                                 ; --            ; --          ; --             ;
; PARTITION_COLOR                     ; 16764057                                                                             ; --            ; --          ; Top            ;
; PARTITION_FITTER_PRESERVATION_LEVEL ; PLACEMENT_AND_ROUTING                                                                ; --            ; --          ; Top            ;
; PARTITION_NETLIST_TYPE              ; SOURCE                                                                               ; --            ; --          ; Top            ;
; PROJECT_OUTPUT_DIRECTORY            ; output_files                                                                         ; --            ; --          ; --             ;
+-------------------------------------+--------------------------------------------------------------------------------------+---------------+-------------+----------------+


+-------------------------------------------------------------------------------------------------------------------------------+
; Flow Elapsed Time                                                                                                             ;
+---------------------------+--------------+-------------------------+---------------------+------------------------------------+
; Module Name               ; Elapsed Time ; Average Processors Used ; Peak Virtual Memory ; Total CPU Time (on all processors) ;
+---------------------------+--------------+-------------------------+---------------------+------------------------------------+
; Analysis & Synthesis      ; 00:00:05     ; 1.0                     ; 905 MB              ; 00:00:05                           ;
; Fitter                    ; 00:00:12     ; 1.3                     ; 1125 MB             ; 00:00:13                           ;
; Assembler                 ; 00:00:02     ; 1.0                     ; 823 MB              ; 00:00:02                           ;
; TimeQuest Timing Analyzer ; 00:00:03     ; 1.0                     ; 867 MB              ; 00:00:03                           ;
; EDA Netlist Writer        ; 00:00:01     ; 1.0                     ; 839 MB              ; 00:00:01                           ;
; Total                     ; 00:00:23     ; --                      ; --                  ; 00:00:24                           ;
+---------------------------+--------------+-------------------------+---------------------+------------------------------------+


+-------------------------------------------------------------------------------------------+
; Flow OS Summary                                                                           ;
+---------------------------+------------------+-------------+-------------+----------------+
; Module Name               ; Machine Hostname ; OS Name     ; OS Version  ; Processor type ;
+---------------------------+------------------+-------------+-------------+----------------+
; Analysis & Synthesis      ; l0ser            ; Fedora Core ; Fedora Core ; x86_64         ;
; Fitter                    ; l0ser            ; Fedora Core ; Fedora Core ; x86_64         ;
; Assembler                 ; l0ser            ; Fedora Core ; Fedora Core ; x86_64         ;
; TimeQuest Timing Analyzer ; l0ser            ; Fedora Core ; Fedora Core ; x86_64         ;
; EDA Netlist Writer        ; l0ser            ; Fedora Core ; Fedora Core ; x86_64         ;
+---------------------------+------------------+-------------+-------------+----------------+


------------
; Flow Log ;
------------
quartus_map --read_settings_files=on --write_settings_files=off ALU -c ALU
quartus_fit --read_settings_files=off --write_settings_files=off ALU -c ALU
quartus_asm --read_settings_files=off --write_settings_files=off ALU -c ALU
quartus_sta ALU -c ALU
quartus_eda --read_settings_files=off --write_settings_files=off ALU -c ALU



