Analysis & Synthesis report for ALU
Wed Apr 24 23:38:04 2019
Quartus II 64-Bit Version 13.1.0 Build 162 10/23/2013 SJ Web Edition


---------------------
; Table of Contents ;
---------------------
  1. Legal Notice
  2. Analysis & Synthesis Summary
  3. Analysis & Synthesis Settings
  4. Parallel Compilation
  5. Analysis & Synthesis Source Files Read
  6. Analysis & Synthesis Resource Usage Summary
  7. Analysis & Synthesis Resource Utilization by Entity
  8. Analysis & Synthesis IP Cores Summary
  9. General Register Statistics
 10. Parameter Settings for User Entity Instance: lpm_clshift1:inst8|lpm_clshift:LPM_CLSHIFT_component
 11. Parameter Settings for User Entity Instance: lpm_constant0:inst10|lpm_constant:LPM_CONSTANT_component
 12. Parameter Settings for User Entity Instance: lpm_clshift0:inst4|lpm_clshift:LPM_CLSHIFT_component
 13. Parameter Settings for User Entity Instance: lpm_constant0:inst11|lpm_constant:LPM_CONSTANT_component
 14. Parameter Settings for User Entity Instance: lpm_add_sub0:inst7|lpm_add_sub:LPM_ADD_SUB_component
 15. Parameter Settings for User Entity Instance: lpm_constant0:inst9|lpm_constant:LPM_CONSTANT_component
 16. Parameter Settings for User Entity Instance: lpm_mux0:inst|LPM_MUX:LPM_MUX_component
 17. Parameter Settings for User Entity Instance: lpm_constant0:inst12|lpm_constant:LPM_CONSTANT_component
 18. Parameter Settings for User Entity Instance: LPM_AND:inst2
 19. Parameter Settings for User Entity Instance: LPM_OR:inst3
 20. Parameter Settings for User Entity Instance: LPM_XOR:inst5
 21. Elapsed Time Per Partition
 22. Analysis & Synthesis Messages



----------------
; Legal Notice ;
----------------
Copyright (C) 1991-2013 Altera Corporation
Your use of Altera Corporation's design tools, logic functions 
and other software and tools, and its AMPP partner logic 
functions, and any output files from any of the foregoing 
(including device programming or simulation files), and any 
associated documentation or information are expressly subject 
to the terms and conditions of the Altera Program License 
Subscription Agreement, Altera MegaCore Function License 
Agreement, or other applicable license agreement, including, 
without limitation, that your use is for the sole purpose of 
programming logic devices manufactured by Altera and sold by 
Altera or its authorized distributors.  Please refer to the 
applicable agreement for further details.



+---------------------------------------------------------------------------------+
; Analysis & Synthesis Summary                                                    ;
+------------------------------------+--------------------------------------------+
; Analysis & Synthesis Status        ; Successful - Wed Apr 24 23:38:04 2019      ;
; Quartus II 64-Bit Version          ; 13.1.0 Build 162 10/23/2013 SJ Web Edition ;
; Revision Name                      ; ALU                                        ;
; Top-level Entity Name              ; ALU                                        ;
; Family                             ; Cyclone III                                ;
; Total logic elements               ; 5                                          ;
;     Total combinational functions  ; 5                                          ;
;     Dedicated logic registers      ; 0                                          ;
; Total registers                    ; 0                                          ;
; Total pins                         ; 18                                         ;
; Total virtual pins                 ; 0                                          ;
; Total memory bits                  ; 0                                          ;
; Embedded Multiplier 9-bit elements ; 0                                          ;
; Total PLLs                         ; 0                                          ;
+------------------------------------+--------------------------------------------+


+----------------------------------------------------------------------------------------------------------------------+
; Analysis & Synthesis Settings                                                                                        ;
+----------------------------------------------------------------------------+--------------------+--------------------+
; Option                                                                     ; Setting            ; Default Value      ;
+----------------------------------------------------------------------------+--------------------+--------------------+
; Device                                                                     ; EP3C16F484C6       ;                    ;
; Top-level entity name                                                      ; ALU                ; ALU                ;
; Family name                                                                ; Cyclone III        ; Cyclone IV GX      ;
; Use smart compilation                                                      ; Off                ; Off                ;
; Enable parallel Assembler and TimeQuest Timing Analyzer during compilation ; On                 ; On                 ;
; Enable compact report table                                                ; Off                ; Off                ;
; Restructure Multiplexers                                                   ; Auto               ; Auto               ;
; Create Debugging Nodes for IP Cores                                        ; Off                ; Off                ;
; Preserve fewer node names                                                  ; On                 ; On                 ;
; Disable OpenCore Plus hardware evaluation                                  ; Off                ; Off                ;
; Verilog Version                                                            ; Verilog_2001       ; Verilog_2001       ;
; VHDL Version                                                               ; VHDL_1993          ; VHDL_1993          ;
; State Machine Processing                                                   ; Auto               ; Auto               ;
; Safe State Machine                                                         ; Off                ; Off                ;
; Extract Verilog State Machines                                             ; On                 ; On                 ;
; Extract VHDL State Machines                                                ; On                 ; On                 ;
; Ignore Verilog initial constructs                                          ; Off                ; Off                ;
; Iteration limit for constant Verilog loops                                 ; 5000               ; 5000               ;
; Iteration limit for non-constant Verilog loops                             ; 250                ; 250                ;
; Add Pass-Through Logic to Inferred RAMs                                    ; On                 ; On                 ;
; Infer RAMs from Raw Logic                                                  ; On                 ; On                 ;
; Parallel Synthesis                                                         ; On                 ; On                 ;
; DSP Block Balancing                                                        ; Auto               ; Auto               ;
; NOT Gate Push-Back                                                         ; On                 ; On                 ;
; Power-Up Don't Care                                                        ; On                 ; On                 ;
; Remove Redundant Logic Cells                                               ; Off                ; Off                ;
; Remove Duplicate Registers                                                 ; On                 ; On                 ;
; Ignore CARRY Buffers                                                       ; Off                ; Off                ;
; Ignore CASCADE Buffers                                                     ; Off                ; Off                ;
; Ignore GLOBAL Buffers                                                      ; Off                ; Off                ;
; Ignore ROW GLOBAL Buffers                                                  ; Off                ; Off                ;
; Ignore LCELL Buffers                                                       ; Off                ; Off                ;
; Ignore SOFT Buffers                                                        ; On                 ; On                 ;
; Limit AHDL Integers to 32 Bits                                             ; Off                ; Off                ;
; Optimization Technique                                                     ; Balanced           ; Balanced           ;
; Carry Chain Length                                                         ; 70                 ; 70                 ;
; Auto Carry Chains                                                          ; On                 ; On                 ;
; Auto Open-Drain Pins                                                       ; On                 ; On                 ;
; Perform WYSIWYG Primitive Resynthesis                                      ; Off                ; Off                ;
; Auto ROM Replacement                                                       ; On                 ; On                 ;
; Auto RAM Replacement                                                       ; On                 ; On                 ;
; Auto DSP Block Replacement                                                 ; On                 ; On                 ;
; Auto Shift Register Replacement                                            ; Auto               ; Auto               ;
; Allow Shift Register Merging across Hierarchies                            ; Auto               ; Auto               ;
; Auto Clock Enable Replacement                                              ; On                 ; On                 ;
; Strict RAM Replacement                                                     ; Off                ; Off                ;
; Allow Synchronous Control Signals                                          ; On                 ; On                 ;
; Force Use of Synchronous Clear Signals                                     ; Off                ; Off                ;
; Auto RAM Block Balancing                                                   ; On                 ; On                 ;
; Auto RAM to Logic Cell Conversion                                          ; Off                ; Off                ;
; Auto Resource Sharing                                                      ; Off                ; Off                ;
; Allow Any RAM Size For Recognition                                         ; Off                ; Off                ;
; Allow Any ROM Size For Recognition                                         ; Off                ; Off                ;
; Allow Any Shift Register Size For Recognition                              ; Off                ; Off                ;
; Use LogicLock Constraints during Resource Balancing                        ; On                 ; On                 ;
; Ignore translate_off and synthesis_off directives                          ; Off                ; Off                ;
; Timing-Driven Synthesis                                                    ; On                 ; On                 ;
; Report Parameter Settings                                                  ; On                 ; On                 ;
; Report Source Assignments                                                  ; On                 ; On                 ;
; Report Connectivity Checks                                                 ; On                 ; On                 ;
; Ignore Maximum Fan-Out Assignments                                         ; Off                ; Off                ;
; Synchronization Register Chain Length                                      ; 2                  ; 2                  ;
; PowerPlay Power Optimization                                               ; Normal compilation ; Normal compilation ;
; HDL message level                                                          ; Level2             ; Level2             ;
; Suppress Register Optimization Related Messages                            ; Off                ; Off                ;
; Number of Removed Registers Reported in Synthesis Report                   ; 5000               ; 5000               ;
; Number of Swept Nodes Reported in Synthesis Report                         ; 5000               ; 5000               ;
; Number of Inverted Registers Reported in Synthesis Report                  ; 100                ; 100                ;
; Clock MUX Protection                                                       ; On                 ; On                 ;
; Auto Gated Clock Conversion                                                ; Off                ; Off                ;
; Block Design Naming                                                        ; Auto               ; Auto               ;
; SDC constraint protection                                                  ; Off                ; Off                ;
; Synthesis Effort                                                           ; Auto               ; Auto               ;
; Shift Register Replacement - Allow Asynchronous Clear Signal               ; On                 ; On                 ;
; Pre-Mapping Resynthesis Optimization                                       ; Off                ; Off                ;
; Analysis & Synthesis Message Level                                         ; Medium             ; Medium             ;
; Disable Register Merging Across Hierarchies                                ; Auto               ; Auto               ;
; Resource Aware Inference For Block RAM                                     ; On                 ; On                 ;
; Synthesis Seed                                                             ; 1                  ; 1                  ;
+----------------------------------------------------------------------------+--------------------+--------------------+


+------------------------------------------+
; Parallel Compilation                     ;
+----------------------------+-------------+
; Processors                 ; Number      ;
+----------------------------+-------------+
; Number detected on machine ; 8           ;
; Maximum allowed            ; 4           ;
;                            ;             ;
; Average used               ; 1.00        ;
; Maximum used               ; 1           ;
;                            ;             ;
; Usage by Processor         ; % Time Used ;
;     Processor 1            ; 100.0%      ;
;     Processors 2-8         ;   0.0%      ;
+----------------------------+-------------+


+------------------------------------------------------------------------------------------------------------------------------------------------------------------------------------------------+
; Analysis & Synthesis Source Files Read                                                                                                                                                         ;
+----------------------------------+-----------------+------------------------------------+--------------------------------------------------------------------------------------------+---------+
; File Name with User-Entered Path ; Used in Netlist ; File Type                          ; File Name with Absolute Path                                                               ; Library ;
+----------------------------------+-----------------+------------------------------------+--------------------------------------------------------------------------------------------+---------+
; lpm_mux0.vhd                     ; yes             ; User Wizard-Generated File         ; /home/derectus/Documents/deuceng/computer-architecture/Projects/ALU/lpm_mux0.vhd           ;         ;
; lpm_clshift0.vhd                 ; yes             ; User Wizard-Generated File         ; /home/derectus/Documents/deuceng/computer-architecture/Projects/ALU/lpm_clshift0.vhd       ;         ;
; lpm_add_sub0.vhd                 ; yes             ; User Wizard-Generated File         ; /home/derectus/Documents/deuceng/computer-architecture/Projects/ALU/lpm_add_sub0.vhd       ;         ;
; lpm_clshift1.vhd                 ; yes             ; User Wizard-Generated File         ; /home/derectus/Documents/deuceng/computer-architecture/Projects/ALU/lpm_clshift1.vhd       ;         ;
; lpm_constant0.vhd                ; yes             ; User Wizard-Generated File         ; /home/derectus/Documents/deuceng/computer-architecture/Projects/ALU/lpm_constant0.vhd      ;         ;
; ALU.bdf                          ; yes             ; User Block Diagram/Schematic File  ; /home/derectus/Documents/deuceng/computer-architecture/Projects/ALU/ALU.bdf                ;         ;
; lpm_clshift.tdf                  ; yes             ; Megafunction                       ; /home/derectus/altera/13.1/quartus/libraries/megafunctions/lpm_clshift.tdf                 ;         ;
; db/lpm_clshift_ved.tdf           ; yes             ; Auto-Generated Megafunction        ; /home/derectus/Documents/deuceng/computer-architecture/Projects/ALU/db/lpm_clshift_ved.tdf ;         ;
; lpm_constant.tdf                 ; yes             ; Megafunction                       ; /home/derectus/altera/13.1/quartus/libraries/megafunctions/lpm_constant.tdf                ;         ;
; db/lpm_clshift_ufc.tdf           ; yes             ; Auto-Generated Megafunction        ; /home/derectus/Documents/deuceng/computer-architecture/Projects/ALU/db/lpm_clshift_ufc.tdf ;         ;
; lpm_add_sub.tdf                  ; yes             ; Megafunction                       ; /home/derectus/altera/13.1/quartus/libraries/megafunctions/lpm_add_sub.tdf                 ;         ;
; addcore.inc                      ; yes             ; Megafunction                       ; /home/derectus/altera/13.1/quartus/libraries/megafunctions/addcore.inc                     ;         ;
; look_add.inc                     ; yes             ; Megafunction                       ; /home/derectus/altera/13.1/quartus/libraries/megafunctions/look_add.inc                    ;         ;
; bypassff.inc                     ; yes             ; Megafunction                       ; /home/derectus/altera/13.1/quartus/libraries/megafunctions/bypassff.inc                    ;         ;
; altshift.inc                     ; yes             ; Megafunction                       ; /home/derectus/altera/13.1/quartus/libraries/megafunctions/altshift.inc                    ;         ;
; alt_stratix_add_sub.inc          ; yes             ; Megafunction                       ; /home/derectus/altera/13.1/quartus/libraries/megafunctions/alt_stratix_add_sub.inc         ;         ;
; aglobal131.inc                   ; yes             ; Megafunction                       ; /home/derectus/altera/13.1/quartus/libraries/megafunctions/aglobal131.inc                  ;         ;
; db/add_sub_qdj.tdf               ; yes             ; Auto-Generated Megafunction        ; /home/derectus/Documents/deuceng/computer-architecture/Projects/ALU/db/add_sub_qdj.tdf     ;         ;
; lpm_mux.tdf                      ; yes             ; Megafunction                       ; /home/derectus/altera/13.1/quartus/libraries/megafunctions/lpm_mux.tdf                     ;         ;
; muxlut.inc                       ; yes             ; Megafunction                       ; /home/derectus/altera/13.1/quartus/libraries/megafunctions/muxlut.inc                      ;         ;
; db/mux_j6e.tdf                   ; yes             ; Auto-Generated Megafunction        ; /home/derectus/Documents/deuceng/computer-architecture/Projects/ALU/db/mux_j6e.tdf         ;         ;
; lpm_and.tdf                      ; yes             ; Megafunction                       ; /home/derectus/altera/13.1/quartus/libraries/megafunctions/lpm_and.tdf                     ;         ;
; lpm_or.tdf                       ; yes             ; Megafunction                       ; /home/derectus/altera/13.1/quartus/libraries/megafunctions/lpm_or.tdf                      ;         ;
; lpm_xor.tdf                      ; yes             ; Megafunction                       ; /home/derectus/altera/13.1/quartus/libraries/megafunctions/lpm_xor.tdf                     ;         ;
+----------------------------------+-----------------+------------------------------------+--------------------------------------------------------------------------------------------+---------+


+--------------------------------------------------------------------------------------------------------------------------------------+
; Analysis & Synthesis Resource Usage Summary                                                                                          ;
+---------------------------------------------+----------------------------------------------------------------------------------------+
; Resource                                    ; Usage                                                                                  ;
+---------------------------------------------+----------------------------------------------------------------------------------------+
; Estimated Total logic elements              ; 5                                                                                      ;
;                                             ;                                                                                        ;
; Total combinational functions               ; 5                                                                                      ;
; Logic element usage by number of LUT inputs ;                                                                                        ;
;     -- 4 input functions                    ; 0                                                                                      ;
;     -- 3 input functions                    ; 4                                                                                      ;
;     -- <=2 input functions                  ; 1                                                                                      ;
;                                             ;                                                                                        ;
; Logic elements by mode                      ;                                                                                        ;
;     -- normal mode                          ; 1                                                                                      ;
;     -- arithmetic mode                      ; 4                                                                                      ;
;                                             ;                                                                                        ;
; Total registers                             ; 0                                                                                      ;
;     -- Dedicated logic registers            ; 0                                                                                      ;
;     -- I/O registers                        ; 0                                                                                      ;
;                                             ;                                                                                        ;
; I/O pins                                    ; 18                                                                                     ;
; Embedded Multiplier 9-bit elements          ; 0                                                                                      ;
; Maximum fan-out node                        ; lpm_add_sub0:inst7|lpm_add_sub:LPM_ADD_SUB_component|add_sub_qdj:auto_generated|op_1~1 ;
; Maximum fan-out                             ; 1                                                                                      ;
; Total fan-out                               ; 31                                                                                     ;
; Average fan-out                             ; 0.76                                                                                   ;
+---------------------------------------------+----------------------------------------------------------------------------------------+


+-------------------------------------------------------------------------------------------------------------------------------------------------------------------------------------------------------------------------------------------------------------+
; Analysis & Synthesis Resource Utilization by Entity                                                                                                                                                                                                         ;
+-------------------------------------------+-------------------+--------------+-------------+--------------+---------+-----------+------+--------------+--------------------------------------------------------------------------------------+--------------+
; Compilation Hierarchy Node                ; LC Combinationals ; LC Registers ; Memory Bits ; DSP Elements ; DSP 9x9 ; DSP 18x18 ; Pins ; Virtual Pins ; Full Hierarchy Name                                                                  ; Library Name ;
+-------------------------------------------+-------------------+--------------+-------------+--------------+---------+-----------+------+--------------+--------------------------------------------------------------------------------------+--------------+
; |ALU                                      ; 5 (0)             ; 0 (0)        ; 0           ; 0            ; 0       ; 0         ; 18   ; 0            ; |ALU                                                                                 ; work         ;
;    |lpm_add_sub0:inst7|                   ; 5 (0)             ; 0 (0)        ; 0           ; 0            ; 0       ; 0         ; 0    ; 0            ; |ALU|lpm_add_sub0:inst7                                                              ; work         ;
;       |lpm_add_sub:LPM_ADD_SUB_component| ; 5 (0)             ; 0 (0)        ; 0           ; 0            ; 0       ; 0         ; 0    ; 0            ; |ALU|lpm_add_sub0:inst7|lpm_add_sub:LPM_ADD_SUB_component                            ; work         ;
;          |add_sub_qdj:auto_generated|     ; 5 (5)             ; 0 (0)        ; 0           ; 0            ; 0       ; 0         ; 0    ; 0            ; |ALU|lpm_add_sub0:inst7|lpm_add_sub:LPM_ADD_SUB_component|add_sub_qdj:auto_generated ; work         ;
+-------------------------------------------+-------------------+--------------+-------------+--------------+---------+-----------+------+--------------+--------------------------------------------------------------------------------------+--------------+
Note: For table entries with two numbers listed, the numbers in parentheses indicate the number of resources of the given type used by the specific entity alone. The numbers listed outside of parentheses indicate the total resources of the given type used by the specific entity and all of its sub-entities in the hierarchy.


+-----------------------------------------------------------------------------------------------------------------------------------------------------------------------------------+
; Analysis & Synthesis IP Cores Summary                                                                                                                                             ;
+--------+--------------+---------+--------------+--------------+---------------------------+---------------------------------------------------------------------------------------+
; Vendor ; IP Core Name ; Version ; Release Date ; License Type ; Entity Instance           ; IP Include File                                                                       ;
+--------+--------------+---------+--------------+--------------+---------------------------+---------------------------------------------------------------------------------------+
; Altera ; LPM_MUX      ; 13.1    ; N/A          ; N/A          ; |ALU|lpm_mux0:inst        ; /home/derectus/Documents/deuceng/computer-architecture/Projects/ALU/lpm_mux0.vhd      ;
; Altera ; LPM_CLSHIFT  ; 13.1    ; N/A          ; N/A          ; |ALU|lpm_clshift0:inst4   ; /home/derectus/Documents/deuceng/computer-architecture/Projects/ALU/lpm_clshift0.vhd  ;
; Altera ; LPM_ADD_SUB  ; 13.1    ; N/A          ; N/A          ; |ALU|lpm_add_sub0:inst7   ; /home/derectus/Documents/deuceng/computer-architecture/Projects/ALU/lpm_add_sub0.vhd  ;
; Altera ; LPM_CLSHIFT  ; 13.1    ; N/A          ; N/A          ; |ALU|lpm_clshift1:inst8   ; /home/derectus/Documents/deuceng/computer-architecture/Projects/ALU/lpm_clshift1.vhd  ;
; Altera ; LPM_CONSTANT ; 13.1    ; N/A          ; N/A          ; |ALU|lpm_constant0:inst9  ; /home/derectus/Documents/deuceng/computer-architecture/Projects/ALU/lpm_constant0.vhd ;
; Altera ; LPM_CONSTANT ; 13.1    ; N/A          ; N/A          ; |ALU|lpm_constant0:inst10 ; /home/derectus/Documents/deuceng/computer-architecture/Projects/ALU/lpm_constant0.vhd ;
; Altera ; LPM_CONSTANT ; 13.1    ; N/A          ; N/A          ; |ALU|lpm_constant0:inst11 ; /home/derectus/Documents/deuceng/computer-architecture/Projects/ALU/lpm_constant0.vhd ;
; Altera ; LPM_CONSTANT ; 13.1    ; N/A          ; N/A          ; |ALU|lpm_constant0:inst12 ; /home/derectus/Documents/deuceng/computer-architecture/Projects/ALU/lpm_constant0.vhd ;
+--------+--------------+---------+--------------+--------------+---------------------------+---------------------------------------------------------------------------------------+


+------------------------------------------------------+
; General Register Statistics                          ;
+----------------------------------------------+-------+
; Statistic                                    ; Value ;
+----------------------------------------------+-------+
; Total registers                              ; 0     ;
; Number of registers using Synchronous Clear  ; 0     ;
; Number of registers using Synchronous Load   ; 0     ;
; Number of registers using Asynchronous Clear ; 0     ;
; Number of registers using Asynchronous Load  ; 0     ;
; Number of registers using Clock Enable       ; 0     ;
; Number of registers using Preset             ; 0     ;
+----------------------------------------------+-------+


+---------------------------------------------------------------------------------------------------+
; Parameter Settings for User Entity Instance: lpm_clshift1:inst8|lpm_clshift:LPM_CLSHIFT_component ;
+----------------+-----------------+----------------------------------------------------------------+
; Parameter Name ; Value           ; Type                                                           ;
+----------------+-----------------+----------------------------------------------------------------+
; LPM_PIPELINE   ; 0               ; Untyped                                                        ;
; LPM_SHIFTTYPE  ; LOGICAL         ; Untyped                                                        ;
; LPM_WIDTH      ; 4               ; Signed Integer                                                 ;
; LPM_WIDTHDIST  ; 2               ; Signed Integer                                                 ;
; CBXI_PARAMETER ; lpm_clshift_ved ; Untyped                                                        ;
+----------------+-----------------+----------------------------------------------------------------+
Note: In order to hide this table in the UI and the text report file, please set the "Show Parameter Settings in Synthesis Report" option in "Analysis and Synthesis Settings -> More Settings" to "Off".


+-------------------------------------------------------------------------------------------------------+
; Parameter Settings for User Entity Instance: lpm_constant0:inst10|lpm_constant:LPM_CONSTANT_component ;
+--------------------+------------------+---------------------------------------------------------------+
; Parameter Name     ; Value            ; Type                                                          ;
+--------------------+------------------+---------------------------------------------------------------+
; LPM_WIDTH          ; 4                ; Signed Integer                                                ;
; LPM_CVALUE         ; 0                ; Signed Integer                                                ;
; ENABLE_RUNTIME_MOD ; NO               ; Untyped                                                       ;
; CBXI_PARAMETER     ; lpm_constant_6e6 ; Untyped                                                       ;
+--------------------+------------------+---------------------------------------------------------------+
Note: In order to hide this table in the UI and the text report file, please set the "Show Parameter Settings in Synthesis Report" option in "Analysis and Synthesis Settings -> More Settings" to "Off".


+---------------------------------------------------------------------------------------------------+
; Parameter Settings for User Entity Instance: lpm_clshift0:inst4|lpm_clshift:LPM_CLSHIFT_component ;
+----------------+-----------------+----------------------------------------------------------------+
; Parameter Name ; Value           ; Type                                                           ;
+----------------+-----------------+----------------------------------------------------------------+
; LPM_PIPELINE   ; 0               ; Untyped                                                        ;
; LPM_SHIFTTYPE  ; LOGICAL         ; Untyped                                                        ;
; LPM_WIDTH      ; 4               ; Signed Integer                                                 ;
; LPM_WIDTHDIST  ; 2               ; Signed Integer                                                 ;
; CBXI_PARAMETER ; lpm_clshift_ufc ; Untyped                                                        ;
+----------------+-----------------+----------------------------------------------------------------+
Note: In order to hide this table in the UI and the text report file, please set the "Show Parameter Settings in Synthesis Report" option in "Analysis and Synthesis Settings -> More Settings" to "Off".


+-------------------------------------------------------------------------------------------------------+
; Parameter Settings for User Entity Instance: lpm_constant0:inst11|lpm_constant:LPM_CONSTANT_component ;
+--------------------+------------------+---------------------------------------------------------------+
; Parameter Name     ; Value            ; Type                                                          ;
+--------------------+------------------+---------------------------------------------------------------+
; LPM_WIDTH          ; 4                ; Signed Integer                                                ;
; LPM_CVALUE         ; 0                ; Signed Integer                                                ;
; ENABLE_RUNTIME_MOD ; NO               ; Untyped                                                       ;
; CBXI_PARAMETER     ; lpm_constant_6e6 ; Untyped                                                       ;
+--------------------+------------------+---------------------------------------------------------------+
Note: In order to hide this table in the UI and the text report file, please set the "Show Parameter Settings in Synthesis Report" option in "Analysis and Synthesis Settings -> More Settings" to "Off".


+---------------------------------------------------------------------------------------------------+
; Parameter Settings for User Entity Instance: lpm_add_sub0:inst7|lpm_add_sub:LPM_ADD_SUB_component ;
+------------------------+-------------+------------------------------------------------------------+
; Parameter Name         ; Value       ; Type                                                       ;
+------------------------+-------------+------------------------------------------------------------+
; LPM_WIDTH              ; 4           ; Signed Integer                                             ;
; LPM_REPRESENTATION     ; UNSIGNED    ; Untyped                                                    ;
; LPM_DIRECTION          ; ADD         ; Untyped                                                    ;
; ONE_INPUT_IS_CONSTANT  ; NO          ; Untyped                                                    ;
; LPM_PIPELINE           ; 0           ; Untyped                                                    ;
; MAXIMIZE_SPEED         ; 5           ; Untyped                                                    ;
; REGISTERED_AT_END      ; 0           ; Untyped                                                    ;
; OPTIMIZE_FOR_SPEED     ; 5           ; Untyped                                                    ;
; USE_CS_BUFFERS         ; 1           ; Untyped                                                    ;
; CARRY_CHAIN            ; MANUAL      ; Untyped                                                    ;
; CARRY_CHAIN_LENGTH     ; 48          ; CARRY_CHAIN_LENGTH                                         ;
; DEVICE_FAMILY          ; Cyclone III ; Untyped                                                    ;
; USE_WYS                ; OFF         ; Untyped                                                    ;
; STYLE                  ; FAST        ; Untyped                                                    ;
; CBXI_PARAMETER         ; add_sub_qdj ; Untyped                                                    ;
; AUTO_CARRY_CHAINS      ; ON          ; AUTO_CARRY                                                 ;
; IGNORE_CARRY_BUFFERS   ; OFF         ; IGNORE_CARRY                                               ;
; AUTO_CASCADE_CHAINS    ; ON          ; AUTO_CASCADE                                               ;
; IGNORE_CASCADE_BUFFERS ; OFF         ; IGNORE_CASCADE                                             ;
+------------------------+-------------+------------------------------------------------------------+
Note: In order to hide this table in the UI and the text report file, please set the "Show Parameter Settings in Synthesis Report" option in "Analysis and Synthesis Settings -> More Settings" to "Off".


+------------------------------------------------------------------------------------------------------+
; Parameter Settings for User Entity Instance: lpm_constant0:inst9|lpm_constant:LPM_CONSTANT_component ;
+--------------------+------------------+--------------------------------------------------------------+
; Parameter Name     ; Value            ; Type                                                         ;
+--------------------+------------------+--------------------------------------------------------------+
; LPM_WIDTH          ; 4                ; Signed Integer                                               ;
; LPM_CVALUE         ; 0                ; Signed Integer                                               ;
; ENABLE_RUNTIME_MOD ; NO               ; Untyped                                                      ;
; CBXI_PARAMETER     ; lpm_constant_6e6 ; Untyped                                                      ;
+--------------------+------------------+--------------------------------------------------------------+
Note: In order to hide this table in the UI and the text report file, please set the "Show Parameter Settings in Synthesis Report" option in "Analysis and Synthesis Settings -> More Settings" to "Off".


+--------------------------------------------------------------------------------------+
; Parameter Settings for User Entity Instance: lpm_mux0:inst|LPM_MUX:LPM_MUX_component ;
+------------------------+-------------+-----------------------------------------------+
; Parameter Name         ; Value       ; Type                                          ;
+------------------------+-------------+-----------------------------------------------+
; AUTO_CARRY_CHAINS      ; ON          ; AUTO_CARRY                                    ;
; IGNORE_CARRY_BUFFERS   ; OFF         ; IGNORE_CARRY                                  ;
; AUTO_CASCADE_CHAINS    ; ON          ; AUTO_CASCADE                                  ;
; IGNORE_CASCADE_BUFFERS ; OFF         ; IGNORE_CASCADE                                ;
; LPM_WIDTH              ; 4           ; Signed Integer                                ;
; LPM_SIZE               ; 7           ; Signed Integer                                ;
; LPM_WIDTHS             ; 3           ; Signed Integer                                ;
; LPM_PIPELINE           ; 0           ; Signed Integer                                ;
; CBXI_PARAMETER         ; mux_j6e     ; Untyped                                       ;
; DEVICE_FAMILY          ; Cyclone III ; Untyped                                       ;
+------------------------+-------------+-----------------------------------------------+
Note: In order to hide this table in the UI and the text report file, please set the "Show Parameter Settings in Synthesis Report" option in "Analysis and Synthesis Settings -> More Settings" to "Off".


+-------------------------------------------------------------------------------------------------------+
; Parameter Settings for User Entity Instance: lpm_constant0:inst12|lpm_constant:LPM_CONSTANT_component ;
+--------------------+------------------+---------------------------------------------------------------+
; Parameter Name     ; Value            ; Type                                                          ;
+--------------------+------------------+---------------------------------------------------------------+
; LPM_WIDTH          ; 4                ; Signed Integer                                                ;
; LPM_CVALUE         ; 0                ; Signed Integer                                                ;
; ENABLE_RUNTIME_MOD ; NO               ; Untyped                                                       ;
; CBXI_PARAMETER     ; lpm_constant_6e6 ; Untyped                                                       ;
+--------------------+------------------+---------------------------------------------------------------+
Note: In order to hide this table in the UI and the text report file, please set the "Show Parameter Settings in Synthesis Report" option in "Analysis and Synthesis Settings -> More Settings" to "Off".


+------------------------------------------------------------+
; Parameter Settings for User Entity Instance: LPM_AND:inst2 ;
+------------------------+-------------+---------------------+
; Parameter Name         ; Value       ; Type                ;
+------------------------+-------------+---------------------+
; AUTO_CARRY_CHAINS      ; ON          ; AUTO_CARRY          ;
; IGNORE_CARRY_BUFFERS   ; OFF         ; IGNORE_CARRY        ;
; AUTO_CASCADE_CHAINS    ; ON          ; AUTO_CASCADE        ;
; IGNORE_CASCADE_BUFFERS ; OFF         ; IGNORE_CASCADE      ;
; LPM_WIDTH              ; 4           ; Signed Integer      ;
; LPM_SIZE               ; 2           ; Signed Integer      ;
; CARRY_CHAIN_LENGTH     ; 48          ; CARRY_CHAIN_LENGTH  ;
; CARRY_CHAIN            ; MANUAL      ; Untyped             ;
; CASCADE_CHAIN          ; MANUAL      ; Untyped             ;
; DEVICE_FAMILY          ; Cyclone III ; Untyped             ;
+------------------------+-------------+---------------------+
Note: In order to hide this table in the UI and the text report file, please set the "Show Parameter Settings in Synthesis Report" option in "Analysis and Synthesis Settings -> More Settings" to "Off".


+-----------------------------------------------------------+
; Parameter Settings for User Entity Instance: LPM_OR:inst3 ;
+------------------------+-------------+--------------------+
; Parameter Name         ; Value       ; Type               ;
+------------------------+-------------+--------------------+
; AUTO_CARRY_CHAINS      ; ON          ; AUTO_CARRY         ;
; IGNORE_CARRY_BUFFERS   ; OFF         ; IGNORE_CARRY       ;
; AUTO_CASCADE_CHAINS    ; ON          ; AUTO_CASCADE       ;
; IGNORE_CASCADE_BUFFERS ; OFF         ; IGNORE_CASCADE     ;
; LPM_WIDTH              ; 4           ; Signed Integer     ;
; LPM_SIZE               ; 2           ; Signed Integer     ;
; CARRY_CHAIN_LENGTH     ; 48          ; CARRY_CHAIN_LENGTH ;
; CARRY_CHAIN            ; MANUAL      ; Untyped            ;
; CASCADE_CHAIN          ; MANUAL      ; Untyped            ;
; DEVICE_FAMILY          ; Cyclone III ; Untyped            ;
+------------------------+-------------+--------------------+
Note: In order to hide this table in the UI and the text report file, please set the "Show Parameter Settings in Synthesis Report" option in "Analysis and Synthesis Settings -> More Settings" to "Off".


+------------------------------------------------------------+
; Parameter Settings for User Entity Instance: LPM_XOR:inst5 ;
+----------------+-------+-----------------------------------+
; Parameter Name ; Value ; Type                              ;
+----------------+-------+-----------------------------------+
; LPM_WIDTH      ; 4     ; Signed Integer                    ;
; LPM_SIZE       ; 2     ; Signed Integer                    ;
+----------------+-------+-----------------------------------+
Note: In order to hide this table in the UI and the text report file, please set the "Show Parameter Settings in Synthesis Report" option in "Analysis and Synthesis Settings -> More Settings" to "Off".


+-------------------------------+
; Elapsed Time Per Partition    ;
+----------------+--------------+
; Partition Name ; Elapsed Time ;
+----------------+--------------+
; Top            ; 00:00:00     ;
+----------------+--------------+


+-------------------------------+
; Analysis & Synthesis Messages ;
+-------------------------------+
Info: *******************************************************************
Info: Running Quartus II 64-Bit Analysis & Synthesis
    Info: Version 13.1.0 Build 162 10/23/2013 SJ Web Edition
    Info: Processing started: Wed Apr 24 23:37:58 2019
Info: Command: quartus_map --read_settings_files=on --write_settings_files=off ALU -c ALU
Info (11104): Parallel Compilation has detected 8 hyper-threaded processors. However, the extra hyper-threaded processors will not be used by default. Parallel Compilation will use 4 of the 4 physical processors detected instead.
Info (12021): Found 2 design units, including 1 entities, in source file lpm_mux0.vhd
    Info (12022): Found design unit 1: lpm_mux0-SYN
    Info (12023): Found entity 1: lpm_mux0
Info (12021): Found 2 design units, including 1 entities, in source file lpm_clshift0.vhd
    Info (12022): Found design unit 1: lpm_clshift0-SYN
    Info (12023): Found entity 1: lpm_clshift0
Info (12021): Found 44 design units, including 22 entities, in source file altfp_add_sub0.vhd
    Info (12022): Found design unit 1: altfp_add_sub0_altbarrel_shift_q3e-RTL
    Info (12022): Found design unit 2: altfp_add_sub0_altbarrel_shift_07g-RTL
    Info (12022): Found design unit 3: altfp_add_sub0_altpriority_encoder_3e8-RTL
    Info (12022): Found design unit 4: altfp_add_sub0_altpriority_encoder_6e8-RTL
    Info (12022): Found design unit 5: altfp_add_sub0_altpriority_encoder_be8-RTL
    Info (12022): Found design unit 6: altfp_add_sub0_altpriority_encoder_3v7-RTL
    Info (12022): Found design unit 7: altfp_add_sub0_altpriority_encoder_6v7-RTL
    Info (12022): Found design unit 8: altfp_add_sub0_altpriority_encoder_bv7-RTL
    Info (12022): Found design unit 9: altfp_add_sub0_altpriority_encoder_uv8-RTL
    Info (12022): Found design unit 10: altfp_add_sub0_altpriority_encoder_ue9-RTL
    Info (12022): Found design unit 11: altfp_add_sub0_altpriority_encoder_ou8-RTL
    Info (12022): Found design unit 12: altfp_add_sub0_altpriority_encoder_nh8-RTL
    Info (12022): Found design unit 13: altfp_add_sub0_altpriority_encoder_qh8-RTL
    Info (12022): Found design unit 14: altfp_add_sub0_altpriority_encoder_vh8-RTL
    Info (12022): Found design unit 15: altfp_add_sub0_altpriority_encoder_ii9-RTL
    Info (12022): Found design unit 16: altfp_add_sub0_altpriority_encoder_n28-RTL
    Info (12022): Found design unit 17: altfp_add_sub0_altpriority_encoder_q28-RTL
    Info (12022): Found design unit 18: altfp_add_sub0_altpriority_encoder_v28-RTL
    Info (12022): Found design unit 19: altfp_add_sub0_altpriority_encoder_i39-RTL
    Info (12022): Found design unit 20: altfp_add_sub0_altpriority_encoder_cna-RTL
    Info (12022): Found design unit 21: altfp_add_sub0_altfp_add_sub_u1k-RTL
    Info (12022): Found design unit 22: altfp_add_sub0-RTL
    Info (12023): Found entity 1: altfp_add_sub0_altbarrel_shift_q3e
    Info (12023): Found entity 2: altfp_add_sub0_altbarrel_shift_07g
    Info (12023): Found entity 3: altfp_add_sub0_altpriority_encoder_3e8
    Info (12023): Found entity 4: altfp_add_sub0_altpriority_encoder_6e8
    Info (12023): Found entity 5: altfp_add_sub0_altpriority_encoder_be8
    Info (12023): Found entity 6: altfp_add_sub0_altpriority_encoder_3v7
    Info (12023): Found entity 7: altfp_add_sub0_altpriority_encoder_6v7
    Info (12023): Found entity 8: altfp_add_sub0_altpriority_encoder_bv7
    Info (12023): Found entity 9: altfp_add_sub0_altpriority_encoder_uv8
    Info (12023): Found entity 10: altfp_add_sub0_altpriority_encoder_ue9
    Info (12023): Found entity 11: altfp_add_sub0_altpriority_encoder_ou8
    Info (12023): Found entity 12: altfp_add_sub0_altpriority_encoder_nh8
    Info (12023): Found entity 13: altfp_add_sub0_altpriority_encoder_qh8
    Info (12023): Found entity 14: altfp_add_sub0_altpriority_encoder_vh8
    Info (12023): Found entity 15: altfp_add_sub0_altpriority_encoder_ii9
    Info (12023): Found entity 16: altfp_add_sub0_altpriority_encoder_n28
    Info (12023): Found entity 17: altfp_add_sub0_altpriority_encoder_q28
    Info (12023): Found entity 18: altfp_add_sub0_altpriority_encoder_v28
    Info (12023): Found entity 19: altfp_add_sub0_altpriority_encoder_i39
    Info (12023): Found entity 20: altfp_add_sub0_altpriority_encoder_cna
    Info (12023): Found entity 21: altfp_add_sub0_altfp_add_sub_u1k
    Info (12023): Found entity 22: altfp_add_sub0
Info (12021): Found 2 design units, including 1 entities, in source file lpm_add_sub0.vhd
    Info (12022): Found design unit 1: lpm_add_sub0-SYN
    Info (12023): Found entity 1: lpm_add_sub0
Info (12021): Found 2 design units, including 1 entities, in source file lpm_clshift1.vhd
    Info (12022): Found design unit 1: lpm_clshift1-SYN
    Info (12023): Found entity 1: lpm_clshift1
Info (12021): Found 2 design units, including 1 entities, in source file lpm_constant0.vhd
    Info (12022): Found design unit 1: lpm_constant0-SYN
    Info (12023): Found entity 1: lpm_constant0
Info (12021): Found 1 design units, including 1 entities, in source file ALU.bdf
    Info (12023): Found entity 1: ALU
Info (12127): Elaborating entity "ALU" for the top level hierarchy
Warning (275043): Pin "SELRES[3..0]" is missing source
Warning (275009): Pin "CLK" not connected
Info (12128): Elaborating entity "lpm_clshift1" for hierarchy "lpm_clshift1:inst8"
Info (12128): Elaborating entity "lpm_clshift" for hierarchy "lpm_clshift1:inst8|lpm_clshift:LPM_CLSHIFT_component"
Info (12130): Elaborated megafunction instantiation "lpm_clshift1:inst8|lpm_clshift:LPM_CLSHIFT_component"
Info (12133): Instantiated megafunction "lpm_clshift1:inst8|lpm_clshift:LPM_CLSHIFT_component" with the following parameter:
    Info (12134): Parameter "lpm_shifttype" = "LOGICAL"
    Info (12134): Parameter "lpm_type" = "LPM_CLSHIFT"
    Info (12134): Parameter "lpm_width" = "4"
    Info (12134): Parameter "lpm_widthdist" = "2"
Info (12021): Found 1 design units, including 1 entities, in source file db/lpm_clshift_ved.tdf
    Info (12023): Found entity 1: lpm_clshift_ved
Info (12128): Elaborating entity "lpm_clshift_ved" for hierarchy "lpm_clshift1:inst8|lpm_clshift:LPM_CLSHIFT_component|lpm_clshift_ved:auto_generated"
Info (12128): Elaborating entity "lpm_constant0" for hierarchy "lpm_constant0:inst10"
Info (12128): Elaborating entity "lpm_constant" for hierarchy "lpm_constant0:inst10|lpm_constant:LPM_CONSTANT_component"
Info (12130): Elaborated megafunction instantiation "lpm_constant0:inst10|lpm_constant:LPM_CONSTANT_component"
Info (12133): Instantiated megafunction "lpm_constant0:inst10|lpm_constant:LPM_CONSTANT_component" with the following parameter:
    Info (12134): Parameter "lpm_cvalue" = "0"
    Info (12134): Parameter "lpm_hint" = "ENABLE_RUNTIME_MOD=NO"
    Info (12134): Parameter "lpm_type" = "LPM_CONSTANT"
    Info (12134): Parameter "lpm_width" = "4"
Info (12128): Elaborating entity "lpm_clshift0" for hierarchy "lpm_clshift0:inst4"
Info (12128): Elaborating entity "lpm_clshift" for hierarchy "lpm_clshift0:inst4|lpm_clshift:LPM_CLSHIFT_component"
Info (12130): Elaborated megafunction instantiation "lpm_clshift0:inst4|lpm_clshift:LPM_CLSHIFT_component"
Info (12133): Instantiated megafunction "lpm_clshift0:inst4|lpm_clshift:LPM_CLSHIFT_component" with the following parameter:
    Info (12134): Parameter "lpm_shifttype" = "LOGICAL"
    Info (12134): Parameter "lpm_type" = "LPM_CLSHIFT"
    Info (12134): Parameter "lpm_width" = "4"
    Info (12134): Parameter "lpm_widthdist" = "2"
Info (12021): Found 1 design units, including 1 entities, in source file db/lpm_clshift_ufc.tdf
    Info (12023): Found entity 1: lpm_clshift_ufc
Info (12128): Elaborating entity "lpm_clshift_ufc" for hierarchy "lpm_clshift0:inst4|lpm_clshift:LPM_CLSHIFT_component|lpm_clshift_ufc:auto_generated"
Info (12128): Elaborating entity "lpm_add_sub0" for hierarchy "lpm_add_sub0:inst7"
Info (12128): Elaborating entity "lpm_add_sub" for hierarchy "lpm_add_sub0:inst7|lpm_add_sub:LPM_ADD_SUB_component"
Info (12130): Elaborated megafunction instantiation "lpm_add_sub0:inst7|lpm_add_sub:LPM_ADD_SUB_component"
Info (12133): Instantiated megafunction "lpm_add_sub0:inst7|lpm_add_sub:LPM_ADD_SUB_component" with the following parameter:
    Info (12134): Parameter "lpm_direction" = "ADD"
    Info (12134): Parameter "lpm_hint" = "ONE_INPUT_IS_CONSTANT=NO,CIN_USED=YES"
    Info (12134): Parameter "lpm_representation" = "UNSIGNED"
    Info (12134): Parameter "lpm_type" = "LPM_ADD_SUB"
    Info (12134): Parameter "lpm_width" = "4"
Info (12021): Found 1 design units, including 1 entities, in source file db/add_sub_qdj.tdf
    Info (12023): Found entity 1: add_sub_qdj
Info (12128): Elaborating entity "add_sub_qdj" for hierarchy "lpm_add_sub0:inst7|lpm_add_sub:LPM_ADD_SUB_component|add_sub_qdj:auto_generated"
Info (12128): Elaborating entity "lpm_mux0" for hierarchy "lpm_mux0:inst"
Info (12128): Elaborating entity "LPM_MUX" for hierarchy "lpm_mux0:inst|LPM_MUX:LPM_MUX_component"
Info (12130): Elaborated megafunction instantiation "lpm_mux0:inst|LPM_MUX:LPM_MUX_component"
Info (12133): Instantiated megafunction "lpm_mux0:inst|LPM_MUX:LPM_MUX_component" with the following parameter:
    Info (12134): Parameter "LPM_WIDTH" = "4"
    Info (12134): Parameter "LPM_SIZE" = "7"
    Info (12134): Parameter "LPM_WIDTHS" = "3"
    Info (12134): Parameter "LPM_PIPELINE" = "0"
    Info (12134): Parameter "LPM_TYPE" = "LPM_MUX"
    Info (12134): Parameter "LPM_HINT" = "UNUSED"
Info (12021): Found 1 design units, including 1 entities, in source file db/mux_j6e.tdf
    Info (12023): Found entity 1: mux_j6e
Info (12128): Elaborating entity "mux_j6e" for hierarchy "lpm_mux0:inst|LPM_MUX:LPM_MUX_component|mux_j6e:auto_generated"
Info (12128): Elaborating entity "LPM_AND" for hierarchy "LPM_AND:inst2"
Info (12130): Elaborated megafunction instantiation "LPM_AND:inst2"
Info (12133): Instantiated megafunction "LPM_AND:inst2" with the following parameter:
    Info (12134): Parameter "LPM_SIZE" = "2"
    Info (12134): Parameter "LPM_WIDTH" = "4"
Info (12128): Elaborating entity "LPM_OR" for hierarchy "LPM_OR:inst3"
Info (12130): Elaborated megafunction instantiation "LPM_OR:inst3"
Info (12133): Instantiated megafunction "LPM_OR:inst3" with the following parameter:
    Info (12134): Parameter "LPM_SIZE" = "2"
    Info (12134): Parameter "LPM_WIDTH" = "4"
Info (12128): Elaborating entity "LPM_XOR" for hierarchy "LPM_XOR:inst5"
Info (12130): Elaborated megafunction instantiation "LPM_XOR:inst5"
Info (12133): Instantiated megafunction "LPM_XOR:inst5" with the following parameter:
    Info (12134): Parameter "LPM_SIZE" = "2"
    Info (12134): Parameter "LPM_WIDTH" = "4"
Warning (13024): Output pins are stuck at VCC or GND
    Warning (13410): Pin "SELRES[3]" is stuck at GND
    Warning (13410): Pin "SELRES[2]" is stuck at GND
    Warning (13410): Pin "SELRES[1]" is stuck at GND
    Warning (13410): Pin "SELRES[0]" is stuck at GND
Info (16010): Generating hard_block partition "hard_block:auto_generated_inst"
    Info (16011): Adding 0 node(s), including 0 DDIO, 0 PLL, 0 transceiver and 0 LCELL
Warning (21074): Design contains 5 input pin(s) that do not drive logic
    Warning (15610): No output dependent on input pin "ALUSEL[3]"
    Warning (15610): No output dependent on input pin "ALUSEL[2]"
    Warning (15610): No output dependent on input pin "ALUSEL[1]"
    Warning (15610): No output dependent on input pin "ALUSEL[0]"
    Warning (15610): No output dependent on input pin "CLK"
Info (21057): Implemented 23 device resources after synthesis - the final resource count might be different
    Info (21058): Implemented 13 input pins
    Info (21059): Implemented 5 output pins
    Info (21061): Implemented 5 logic cells
Info: Quartus II 64-Bit Analysis & Synthesis was successful. 0 errors, 13 warnings
    Info: Peak virtual memory: 931 megabytes
    Info: Processing ended: Wed Apr 24 23:38:04 2019
    Info: Elapsed time: 00:00:06
    Info: Total CPU time (on all processors): 00:00:06


