Flow report for ControlUnit
Wed May 15 04:42:54 2019
Quartus II 64-Bit Version 13.1.0 Build 162 10/23/2013 SJ Web Edition


---------------------
; Table of Contents ;
---------------------
  1. Legal Notice
  2. Flow Summary
  3. Flow Settings
  4. Flow Non-Default Global Settings
  5. Flow Elapsed Time
  6. Flow OS Summary
  7. Flow Log
  8. Flow Messages
  9. Flow Suppressed Messages



----------------
; Legal Notice ;
----------------
Copyright (C) 1991-2013 Altera Corporation
Your use of Altera Corporation's design tools, logic functions 
and other software and tools, and its AMPP partner logic 
functions, and any output files from any of the foregoing 
(including device programming or simulation files), and any 
associated documentation or information are expressly subject 
to the terms and conditions of the Altera Program License 
Subscription Agreement, Altera MegaCore Function License 
Agreement, or other applicable license agreement, including, 
without limitation, that your use is for the sole purpose of 
programming logic devices manufactured by Altera and sold by 
Altera or its authorized distributors.  Please refer to the 
applicable agreement for further details.



+---------------------------------------------------------------------------------+
; Flow Summary                                                                    ;
+------------------------------------+--------------------------------------------+
; Flow Status                        ; Successful - Wed May 15 04:42:54 2019      ;
; Quartus II 64-Bit Version          ; 13.1.0 Build 162 10/23/2013 SJ Web Edition ;
; Revision Name                      ; ControlUnit                                ;
; Top-level Entity Name              ; ControlUnit                                ;
; Family                             ; Cyclone III                                ;
; Device                             ; EP3C16F484C6                               ;
; Timing Models                      ; Final                                      ;
; Total logic elements               ; 55 / 15,408 ( < 1 % )                      ;
;     Total combinational functions  ; 55 / 15,408 ( < 1 % )                      ;
;     Dedicated logic registers      ; 18 / 15,408 ( < 1 % )                      ;
; Total registers                    ; 18                                         ;
; Total pins                         ; 25 / 347 ( 7 % )                           ;
; Total virtual pins                 ; 0                                          ;
; Total memory bits                  ; 0 / 516,096 ( 0 % )                        ;
; Embedded Multiplier 9-bit elements ; 0 / 112 ( 0 % )                            ;
; Total PLLs                         ; 0 / 4 ( 0 % )                              ;
+------------------------------------+--------------------------------------------+


+-----------------------------------------+
; Flow Settings                           ;
+-------------------+---------------------+
; Option            ; Setting             ;
+-------------------+---------------------+
; Start date & time ; 05/15/2019 04:31:40 ;
; Main task         ; Compilation         ;
; Revision Name     ; ControlUnit         ;
+-------------------+---------------------+


+-------------------------------------------------------------------------------------------------------------+
; Flow Non-Default Global Settings                                                                            ;
+-------------------------------------+------------------------+---------------+-------------+----------------+
; Assignment Name                     ; Value                  ; Default Value ; Entity Name ; Section Id     ;
+-------------------------------------+------------------------+---------------+-------------+----------------+
; COMPILER_SIGNATURE_ID               ; 0.155788390024698      ; --            ; --          ; --             ;
; EDA_OUTPUT_DATA_FORMAT              ; Vhdl                   ; --            ; --          ; eda_simulation ;
; EDA_SIMULATION_TOOL                 ; ModelSim-Altera (VHDL) ; <None>        ; --          ; --             ;
; IP_TOOL_NAME                        ; LPM_DECODE             ; --            ; --          ; --             ;
; IP_TOOL_VERSION                     ; 13.1                   ; --            ; --          ; --             ;
; MAX_CORE_JUNCTION_TEMP              ; 85                     ; --            ; --          ; --             ;
; MIN_CORE_JUNCTION_TEMP              ; 0                      ; --            ; --          ; --             ;
; MISC_FILE                           ; REG_DECODE.bsf         ; --            ; --          ; --             ;
; MISC_FILE                           ; REG_DECODE.cmp         ; --            ; --          ; --             ;
; NOMINAL_CORE_SUPPLY_VOLTAGE         ; 1.2V                   ; --            ; --          ; --             ;
; PARTITION_COLOR                     ; 16764057               ; --            ; --          ; Top            ;
; PARTITION_FITTER_PRESERVATION_LEVEL ; PLACEMENT_AND_ROUTING  ; --            ; --          ; Top            ;
; PARTITION_NETLIST_TYPE              ; SOURCE                 ; --            ; --          ; Top            ;
; PROJECT_OUTPUT_DIRECTORY            ; output_files           ; --            ; --          ; --             ;
+-------------------------------------+------------------------+---------------+-------------+----------------+


+-------------------------------------------------------------------------------------------------------------------------------+
; Flow Elapsed Time                                                                                                             ;
+---------------------------+--------------+-------------------------+---------------------+------------------------------------+
; Module Name               ; Elapsed Time ; Average Processors Used ; Peak Virtual Memory ; Total CPU Time (on all processors) ;
+---------------------------+--------------+-------------------------+---------------------+------------------------------------+
; Analysis & Synthesis      ; 00:00:03     ; 1.0                     ; 899 MB              ; 00:00:03                           ;
; Fitter                    ; 00:00:09     ; 1.0                     ; 1195 MB             ; 00:00:11                           ;
; Assembler                 ; 00:00:02     ; 1.0                     ; 819 MB              ; 00:00:02                           ;
; TimeQuest Timing Analyzer ; 00:00:02     ; 1.0                     ; 871 MB              ; 00:00:02                           ;
; EDA Netlist Writer        ; 00:00:01     ; 1.0                     ; 844 MB              ; 00:00:01                           ;
; EDA Netlist Writer        ; 00:00:01     ; 1.0                     ; 1056 MB             ; 00:00:01                           ;
; EDA Netlist Writer        ; 00:00:01     ; 1.0                     ; 1056 MB             ; 00:00:01                           ;
; EDA Netlist Writer        ; 00:00:01     ; 1.0                     ; 1056 MB             ; 00:00:01                           ;
; EDA Netlist Writer        ; 00:00:01     ; 1.0                     ; 1056 MB             ; 00:00:01                           ;
; EDA Netlist Writer        ; 00:00:01     ; 1.0                     ; 1056 MB             ; 00:00:01                           ;
; EDA Netlist Writer        ; 00:00:01     ; 1.0                     ; 1057 MB             ; 00:00:01                           ;
; EDA Netlist Writer        ; 00:00:01     ; 1.0                     ; 1056 MB             ; 00:00:01                           ;
; EDA Netlist Writer        ; 00:00:01     ; 1.0                     ; 1056 MB             ; 00:00:01                           ;
; Total                     ; 00:00:25     ; --                      ; --                  ; 00:00:27                           ;
+---------------------------+--------------+-------------------------+---------------------+------------------------------------+


+-------------------------------------------------------------------------------------------+
; Flow OS Summary                                                                           ;
+---------------------------+------------------+-------------+-------------+----------------+
; Module Name               ; Machine Hostname ; OS Name     ; OS Version  ; Processor type ;
+---------------------------+------------------+-------------+-------------+----------------+
; Analysis & Synthesis      ; l0ser            ; Fedora Core ; Fedora Core ; x86_64         ;
; Fitter                    ; l0ser            ; Fedora Core ; Fedora Core ; x86_64         ;
; Assembler                 ; l0ser            ; Fedora Core ; Fedora Core ; x86_64         ;
; TimeQuest Timing Analyzer ; l0ser            ; Fedora Core ; Fedora Core ; x86_64         ;
; EDA Netlist Writer        ; l0ser            ; Fedora Core ; Fedora Core ; x86_64         ;
; EDA Netlist Writer        ; l0ser            ; Fedora Core ; Fedora Core ; x86_64         ;
; EDA Netlist Writer        ; l0ser            ; Fedora Core ; Fedora Core ; x86_64         ;
; EDA Netlist Writer        ; l0ser            ; Fedora Core ; Fedora Core ; x86_64         ;
; EDA Netlist Writer        ; l0ser            ; Fedora Core ; Fedora Core ; x86_64         ;
; EDA Netlist Writer        ; l0ser            ; Fedora Core ; Fedora Core ; x86_64         ;
; EDA Netlist Writer        ; l0ser            ; Fedora Core ; Fedora Core ; x86_64         ;
; EDA Netlist Writer        ; l0ser            ; Fedora Core ; Fedora Core ; x86_64         ;
; EDA Netlist Writer        ; l0ser            ; Fedora Core ; Fedora Core ; x86_64         ;
+---------------------------+------------------+-------------+-------------+----------------+


------------
; Flow Log ;
------------
quartus_map --read_settings_files=on --write_settings_files=off ControlUnit -c ControlUnit
quartus_fit --read_settings_files=off --write_settings_files=off ControlUnit -c ControlUnit
quartus_asm --read_settings_files=off --write_settings_files=off ControlUnit -c ControlUnit
quartus_sta ControlUnit -c ControlUnit
quartus_eda --read_settings_files=off --write_settings_files=off ControlUnit -c ControlUnit
quartus_eda --gen_testbench --check_outputs=on --tool=modelsim_oem --format=verilog ControlUnit -c ControlUnit --vector_source=/home/derectus/Documents/ControlUnit/Waveform.vwf --testbench_file=/home/derectus/Documents/ControlUnit/simulation/qsim/Waveform.vwf.vt
quartus_eda --functional=on --flatten_buses=off --simulation=on --tool=modelsim_oem --format=verilog --output_directory=/home/derectus/Documents/ControlUnit/simulation/qsim/ ControlUnit -c ControlUnit
quartus_eda --gen_testbench --check_outputs=on --tool=modelsim_oem --format=verilog ControlUnit -c ControlUnit --vector_source=/home/derectus/Documents/ControlUnit/Waveform.vwf --testbench_file=/home/derectus/Documents/ControlUnit/simulation/qsim/Waveform.vwf.vt
quartus_eda --functional=on --flatten_buses=off --simulation=on --tool=modelsim_oem --format=verilog --output_directory=/home/derectus/Documents/ControlUnit/simulation/qsim/ ControlUnit -c ControlUnit
quartus_eda --gen_testbench --check_outputs=on --tool=modelsim_oem --format=verilog ControlUnit -c ControlUnit --vector_source=/home/derectus/Documents/ControlUnit/Waveform.vwf --testbench_file=/home/derectus/Documents/ControlUnit/simulation/qsim/Waveform.vwf.vt
quartus_eda --functional=on --flatten_buses=off --simulation=on --tool=modelsim_oem --format=verilog --output_directory=/home/derectus/Documents/ControlUnit/simulation/qsim/ ControlUnit -c ControlUnit
quartus_eda --gen_testbench --check_outputs=on --tool=modelsim_oem --format=verilog ControlUnit -c ControlUnit --vector_source=/home/derectus/Documents/ControlUnit/Waveform.vwf --testbench_file=/home/derectus/Documents/ControlUnit/simulation/qsim/Waveform.vwf.vt
quartus_eda --functional=on --flatten_buses=off --simulation=on --tool=modelsim_oem --format=verilog --output_directory=/home/derectus/Documents/ControlUnit/simulation/qsim/ ControlUnit -c ControlUnit



