Analysis & Synthesis report for ControlUnit
Wed May 15 04:31:43 2019
Quartus II 64-Bit Version 13.1.0 Build 162 10/23/2013 SJ Web Edition


---------------------
; Table of Contents ;
---------------------
  1. Legal Notice
  2. Analysis & Synthesis Summary
  3. Analysis & Synthesis Settings
  4. Parallel Compilation
  5. Analysis & Synthesis Source Files Read
  6. Analysis & Synthesis Resource Usage Summary
  7. Analysis & Synthesis Resource Utilization by Entity
  8. Analysis & Synthesis IP Cores Summary
  9. General Register Statistics
 10. Parameter Settings for User Entity Instance: IR_DECODE:inst|lpm_decode:LPM_DECODE_component
 11. Parameter Settings for User Entity Instance: SC_DECODE:inst3|lpm_decode:LPM_DECODE_component
 12. Parameter Settings for User Entity Instance: SC:inst1212|lpm_counter:LPM_COUNTER_component
 13. Parameter Settings for User Entity Instance: REG_DECODE:inst5|lpm_decode:LPM_DECODE_component
 14. Elapsed Time Per Partition
 15. Analysis & Synthesis Messages



----------------
; Legal Notice ;
----------------
Copyright (C) 1991-2013 Altera Corporation
Your use of Altera Corporation's design tools, logic functions 
and other software and tools, and its AMPP partner logic 
functions, and any output files from any of the foregoing 
(including device programming or simulation files), and any 
associated documentation or information are expressly subject 
to the terms and conditions of the Altera Program License 
Subscription Agreement, Altera MegaCore Function License 
Agreement, or other applicable license agreement, including, 
without limitation, that your use is for the sole purpose of 
programming logic devices manufactured by Altera and sold by 
Altera or its authorized distributors.  Please refer to the 
applicable agreement for further details.



+---------------------------------------------------------------------------------+
; Analysis & Synthesis Summary                                                    ;
+------------------------------------+--------------------------------------------+
; Analysis & Synthesis Status        ; Successful - Wed May 15 04:31:43 2019      ;
; Quartus II 64-Bit Version          ; 13.1.0 Build 162 10/23/2013 SJ Web Edition ;
; Revision Name                      ; ControlUnit                                ;
; Top-level Entity Name              ; ControlUnit                                ;
; Family                             ; Cyclone III                                ;
; Total logic elements               ; 55                                         ;
;     Total combinational functions  ; 55                                         ;
;     Dedicated logic registers      ; 18                                         ;
; Total registers                    ; 18                                         ;
; Total pins                         ; 25                                         ;
; Total virtual pins                 ; 0                                          ;
; Total memory bits                  ; 0                                          ;
; Embedded Multiplier 9-bit elements ; 0                                          ;
; Total PLLs                         ; 0                                          ;
+------------------------------------+--------------------------------------------+


+----------------------------------------------------------------------------------------------------------------------+
; Analysis & Synthesis Settings                                                                                        ;
+----------------------------------------------------------------------------+--------------------+--------------------+
; Option                                                                     ; Setting            ; Default Value      ;
+----------------------------------------------------------------------------+--------------------+--------------------+
; Device                                                                     ; EP3C16F484C6       ;                    ;
; Top-level entity name                                                      ; ControlUnit        ; ControlUnit        ;
; Family name                                                                ; Cyclone III        ; Cyclone IV GX      ;
; Use smart compilation                                                      ; Off                ; Off                ;
; Enable parallel Assembler and TimeQuest Timing Analyzer during compilation ; On                 ; On                 ;
; Enable compact report table                                                ; Off                ; Off                ;
; Restructure Multiplexers                                                   ; Auto               ; Auto               ;
; Create Debugging Nodes for IP Cores                                        ; Off                ; Off                ;
; Preserve fewer node names                                                  ; On                 ; On                 ;
; Disable OpenCore Plus hardware evaluation                                  ; Off                ; Off                ;
; Verilog Version                                                            ; Verilog_2001       ; Verilog_2001       ;
; VHDL Version                                                               ; VHDL_1993          ; VHDL_1993          ;
; State Machine Processing                                                   ; Auto               ; Auto               ;
; Safe State Machine                                                         ; Off                ; Off                ;
; Extract Verilog State Machines                                             ; On                 ; On                 ;
; Extract VHDL State Machines                                                ; On                 ; On                 ;
; Ignore Verilog initial constructs                                          ; Off                ; Off                ;
; Iteration limit for constant Verilog loops                                 ; 5000               ; 5000               ;
; Iteration limit for non-constant Verilog loops                             ; 250                ; 250                ;
; Add Pass-Through Logic to Inferred RAMs                                    ; On                 ; On                 ;
; Infer RAMs from Raw Logic                                                  ; On                 ; On                 ;
; Parallel Synthesis                                                         ; On                 ; On                 ;
; DSP Block Balancing                                                        ; Auto               ; Auto               ;
; NOT Gate Push-Back                                                         ; On                 ; On                 ;
; Power-Up Don't Care                                                        ; On                 ; On                 ;
; Remove Redundant Logic Cells                                               ; Off                ; Off                ;
; Remove Duplicate Registers                                                 ; On                 ; On                 ;
; Ignore CARRY Buffers                                                       ; Off                ; Off                ;
; Ignore CASCADE Buffers                                                     ; Off                ; Off                ;
; Ignore GLOBAL Buffers                                                      ; Off                ; Off                ;
; Ignore ROW GLOBAL Buffers                                                  ; Off                ; Off                ;
; Ignore LCELL Buffers                                                       ; Off                ; Off                ;
; Ignore SOFT Buffers                                                        ; On                 ; On                 ;
; Limit AHDL Integers to 32 Bits                                             ; Off                ; Off                ;
; Optimization Technique                                                     ; Balanced           ; Balanced           ;
; Carry Chain Length                                                         ; 70                 ; 70                 ;
; Auto Carry Chains                                                          ; On                 ; On                 ;
; Auto Open-Drain Pins                                                       ; On                 ; On                 ;
; Perform WYSIWYG Primitive Resynthesis                                      ; Off                ; Off                ;
; Auto ROM Replacement                                                       ; On                 ; On                 ;
; Auto RAM Replacement                                                       ; On                 ; On                 ;
; Auto DSP Block Replacement                                                 ; On                 ; On                 ;
; Auto Shift Register Replacement                                            ; Auto               ; Auto               ;
; Allow Shift Register Merging across Hierarchies                            ; Auto               ; Auto               ;
; Auto Clock Enable Replacement                                              ; On                 ; On                 ;
; Strict RAM Replacement                                                     ; Off                ; Off                ;
; Allow Synchronous Control Signals                                          ; On                 ; On                 ;
; Force Use of Synchronous Clear Signals                                     ; Off                ; Off                ;
; Auto RAM Block Balancing                                                   ; On                 ; On                 ;
; Auto RAM to Logic Cell Conversion                                          ; Off                ; Off                ;
; Auto Resource Sharing                                                      ; Off                ; Off                ;
; Allow Any RAM Size For Recognition                                         ; Off                ; Off                ;
; Allow Any ROM Size For Recognition                                         ; Off                ; Off                ;
; Allow Any Shift Register Size For Recognition                              ; Off                ; Off                ;
; Use LogicLock Constraints during Resource Balancing                        ; On                 ; On                 ;
; Ignore translate_off and synthesis_off directives                          ; Off                ; Off                ;
; Timing-Driven Synthesis                                                    ; On                 ; On                 ;
; Report Parameter Settings                                                  ; On                 ; On                 ;
; Report Source Assignments                                                  ; On                 ; On                 ;
; Report Connectivity Checks                                                 ; On                 ; On                 ;
; Ignore Maximum Fan-Out Assignments                                         ; Off                ; Off                ;
; Synchronization Register Chain Length                                      ; 2                  ; 2                  ;
; PowerPlay Power Optimization                                               ; Normal compilation ; Normal compilation ;
; HDL message level                                                          ; Level2             ; Level2             ;
; Suppress Register Optimization Related Messages                            ; Off                ; Off                ;
; Number of Removed Registers Reported in Synthesis Report                   ; 5000               ; 5000               ;
; Number of Swept Nodes Reported in Synthesis Report                         ; 5000               ; 5000               ;
; Number of Inverted Registers Reported in Synthesis Report                  ; 100                ; 100                ;
; Clock MUX Protection                                                       ; On                 ; On                 ;
; Auto Gated Clock Conversion                                                ; Off                ; Off                ;
; Block Design Naming                                                        ; Auto               ; Auto               ;
; SDC constraint protection                                                  ; Off                ; Off                ;
; Synthesis Effort                                                           ; Auto               ; Auto               ;
; Shift Register Replacement - Allow Asynchronous Clear Signal               ; On                 ; On                 ;
; Pre-Mapping Resynthesis Optimization                                       ; Off                ; Off                ;
; Analysis & Synthesis Message Level                                         ; Medium             ; Medium             ;
; Disable Register Merging Across Hierarchies                                ; Auto               ; Auto               ;
; Resource Aware Inference For Block RAM                                     ; On                 ; On                 ;
; Synthesis Seed                                                             ; 1                  ; 1                  ;
+----------------------------------------------------------------------------+--------------------+--------------------+


+------------------------------------------+
; Parallel Compilation                     ;
+----------------------------+-------------+
; Processors                 ; Number      ;
+----------------------------+-------------+
; Number detected on machine ; 8           ;
; Maximum allowed            ; 4           ;
;                            ;             ;
; Average used               ; 1.00        ;
; Maximum used               ; 2           ;
;                            ;             ;
; Usage by Processor         ; % Time Used ;
;     Processor 1            ; 100.0%      ;
;     Processor 2            ; < 0.1%      ;
;     Processors 3-8         ;   0.0%      ;
+----------------------------+-------------+


+----------------------------------------------------------------------------------------------------------------------------------------------------------------------------------------------+
; Analysis & Synthesis Source Files Read                                                                                                                                                       ;
+----------------------------------+-----------------+------------------------------------------+------------------------------------------------------------------------------------+---------+
; File Name with User-Entered Path ; Used in Netlist ; File Type                                ; File Name with Absolute Path                                                       ; Library ;
+----------------------------------+-----------------+------------------------------------------+------------------------------------------------------------------------------------+---------+
; REG_DECODE.vhd                   ; yes             ; User Wizard-Generated File               ; /home/derectus/Documents/ControlUnit/REG_DECODE.vhd                                ;         ;
; ControlUnit.bdf                  ; yes             ; Auto-Found Block Diagram/Schematic File  ; /home/derectus/Documents/ControlUnit/ControlUnit.bdf                               ;         ;
; 74147.bdf                        ; yes             ; Megafunction                             ; /home/derectus/altera/13.1/quartus/libraries/others/maxplus2/74147.bdf             ;         ;
; IR_DECODE.tdf                    ; yes             ; Auto-Found Wizard-Generated File         ; /home/derectus/Documents/ControlUnit/IR_DECODE.tdf                                 ;         ;
; lpm_decode.inc                   ; yes             ; Megafunction                             ; /home/derectus/altera/13.1/quartus/libraries/megafunctions/lpm_decode.inc          ;         ;
; lpm_decode.tdf                   ; yes             ; Megafunction                             ; /home/derectus/altera/13.1/quartus/libraries/megafunctions/lpm_decode.tdf          ;         ;
; declut.inc                       ; yes             ; Megafunction                             ; /home/derectus/altera/13.1/quartus/libraries/megafunctions/declut.inc              ;         ;
; altshift.inc                     ; yes             ; Megafunction                             ; /home/derectus/altera/13.1/quartus/libraries/megafunctions/altshift.inc            ;         ;
; lpm_compare.inc                  ; yes             ; Megafunction                             ; /home/derectus/altera/13.1/quartus/libraries/megafunctions/lpm_compare.inc         ;         ;
; lpm_constant.inc                 ; yes             ; Megafunction                             ; /home/derectus/altera/13.1/quartus/libraries/megafunctions/lpm_constant.inc        ;         ;
; aglobal131.inc                   ; yes             ; Megafunction                             ; /home/derectus/altera/13.1/quartus/libraries/megafunctions/aglobal131.inc          ;         ;
; db/decode_qqh.tdf                ; yes             ; Auto-Generated Megafunction              ; /home/derectus/Documents/ControlUnit/db/decode_qqh.tdf                             ;         ;
; SC_DECODE.vhd                    ; yes             ; Auto-Found Wizard-Generated File         ; /home/derectus/Documents/ControlUnit/SC_DECODE.vhd                                 ;         ;
; db/decode_5af.tdf                ; yes             ; Auto-Generated Megafunction              ; /home/derectus/Documents/ControlUnit/db/decode_5af.tdf                             ;         ;
; SC.tdf                           ; yes             ; Auto-Found Wizard-Generated File         ; /home/derectus/Documents/ControlUnit/SC.tdf                                        ;         ;
; lpm_counter.inc                  ; yes             ; Megafunction                             ; /home/derectus/altera/13.1/quartus/libraries/megafunctions/lpm_counter.inc         ;         ;
; lpm_counter.tdf                  ; yes             ; Megafunction                             ; /home/derectus/altera/13.1/quartus/libraries/megafunctions/lpm_counter.tdf         ;         ;
; lpm_add_sub.inc                  ; yes             ; Megafunction                             ; /home/derectus/altera/13.1/quartus/libraries/megafunctions/lpm_add_sub.inc         ;         ;
; cmpconst.inc                     ; yes             ; Megafunction                             ; /home/derectus/altera/13.1/quartus/libraries/megafunctions/cmpconst.inc            ;         ;
; dffeea.inc                       ; yes             ; Megafunction                             ; /home/derectus/altera/13.1/quartus/libraries/megafunctions/dffeea.inc              ;         ;
; alt_counter_stratix.inc          ; yes             ; Megafunction                             ; /home/derectus/altera/13.1/quartus/libraries/megafunctions/alt_counter_stratix.inc ;         ;
; db/cntr_k6i.tdf                  ; yes             ; Auto-Generated Megafunction              ; /home/derectus/Documents/ControlUnit/db/cntr_k6i.tdf                               ;         ;
; db/decode_0af.tdf                ; yes             ; Auto-Generated Megafunction              ; /home/derectus/Documents/ControlUnit/db/decode_0af.tdf                             ;         ;
+----------------------------------+-----------------+------------------------------------------+------------------------------------------------------------------------------------+---------+


+---------------------------------------------------------+
; Analysis & Synthesis Resource Usage Summary             ;
+---------------------------------------------+-----------+
; Resource                                    ; Usage     ;
+---------------------------------------------+-----------+
; Estimated Total logic elements              ; 55        ;
;                                             ;           ;
; Total combinational functions               ; 55        ;
; Logic element usage by number of LUT inputs ;           ;
;     -- 4 input functions                    ; 42        ;
;     -- 3 input functions                    ; 9         ;
;     -- <=2 input functions                  ; 4         ;
;                                             ;           ;
; Logic elements by mode                      ;           ;
;     -- normal mode                          ; 53        ;
;     -- arithmetic mode                      ; 2         ;
;                                             ;           ;
; Total registers                             ; 18        ;
;     -- Dedicated logic registers            ; 18        ;
;     -- I/O registers                        ; 0         ;
;                                             ;           ;
; I/O pins                                    ; 25        ;
; Embedded Multiplier 9-bit elements          ; 0         ;
; Maximum fan-out node                        ; CLK~input ;
; Maximum fan-out                             ; 18        ;
; Total fan-out                               ; 293       ;
; Average fan-out                             ; 2.38      ;
+---------------------------------------------+-----------+


+---------------------------------------------------------------------------------------------------------------------------------------------------------------------------------------------------------------------------------------------------------------+
; Analysis & Synthesis Resource Utilization by Entity                                                                                                                                                                                                           ;
+-------------------------------------------+-------------------+--------------+-------------+--------------+---------+-----------+------+--------------+----------------------------------------------------------------------------------------+--------------+
; Compilation Hierarchy Node                ; LC Combinationals ; LC Registers ; Memory Bits ; DSP Elements ; DSP 9x9 ; DSP 18x18 ; Pins ; Virtual Pins ; Full Hierarchy Name                                                                    ; Library Name ;
+-------------------------------------------+-------------------+--------------+-------------+--------------+---------+-----------+------+--------------+----------------------------------------------------------------------------------------+--------------+
; |ControlUnit                              ; 55 (13)           ; 18 (0)       ; 0           ; 0            ; 0       ; 0         ; 25   ; 0            ; |ControlUnit                                                                           ; work         ;
;    |74147:inst118|                        ; 11 (11)           ; 0 (0)        ; 0           ; 0            ; 0       ; 0         ; 0    ; 0            ; |ControlUnit|74147:inst118                                                             ; work         ;
;    |74147:inst13|                         ; 5 (5)             ; 0 (0)        ; 0           ; 0            ; 0       ; 0         ; 0    ; 0            ; |ControlUnit|74147:inst13                                                              ; work         ;
;    |74147:inst24|                         ; 6 (6)             ; 0 (0)        ; 0           ; 0            ; 0       ; 0         ; 0    ; 0            ; |ControlUnit|74147:inst24                                                              ; work         ;
;    |IR_DECODE:inst|                       ; 15 (0)            ; 15 (0)       ; 0           ; 0            ; 0       ; 0         ; 0    ; 0            ; |ControlUnit|IR_DECODE:inst                                                            ; work         ;
;       |lpm_decode:LPM_DECODE_component|   ; 15 (0)            ; 15 (0)       ; 0           ; 0            ; 0       ; 0         ; 0    ; 0            ; |ControlUnit|IR_DECODE:inst|lpm_decode:LPM_DECODE_component                            ; work         ;
;          |decode_qqh:auto_generated|      ; 15 (15)           ; 15 (15)      ; 0           ; 0            ; 0       ; 0         ; 0    ; 0            ; |ControlUnit|IR_DECODE:inst|lpm_decode:LPM_DECODE_component|decode_qqh:auto_generated  ; work         ;
;    |SC:inst1212|                          ; 3 (0)             ; 3 (0)        ; 0           ; 0            ; 0       ; 0         ; 0    ; 0            ; |ControlUnit|SC:inst1212                                                               ; work         ;
;       |lpm_counter:LPM_COUNTER_component| ; 3 (0)             ; 3 (0)        ; 0           ; 0            ; 0       ; 0         ; 0    ; 0            ; |ControlUnit|SC:inst1212|lpm_counter:LPM_COUNTER_component                             ; work         ;
;          |cntr_k6i:auto_generated|        ; 3 (3)             ; 3 (3)        ; 0           ; 0            ; 0       ; 0         ; 0    ; 0            ; |ControlUnit|SC:inst1212|lpm_counter:LPM_COUNTER_component|cntr_k6i:auto_generated     ; work         ;
;    |SC_DECODE:inst3|                      ; 2 (0)             ; 0 (0)        ; 0           ; 0            ; 0       ; 0         ; 0    ; 0            ; |ControlUnit|SC_DECODE:inst3                                                           ; work         ;
;       |lpm_decode:LPM_DECODE_component|   ; 2 (0)             ; 0 (0)        ; 0           ; 0            ; 0       ; 0         ; 0    ; 0            ; |ControlUnit|SC_DECODE:inst3|lpm_decode:LPM_DECODE_component                           ; work         ;
;          |decode_5af:auto_generated|      ; 2 (2)             ; 0 (0)        ; 0           ; 0            ; 0       ; 0         ; 0    ; 0            ; |ControlUnit|SC_DECODE:inst3|lpm_decode:LPM_DECODE_component|decode_5af:auto_generated ; work         ;
+-------------------------------------------+-------------------+--------------+-------------+--------------+---------+-----------+------+--------------+----------------------------------------------------------------------------------------+--------------+
Note: For table entries with two numbers listed, the numbers in parentheses indicate the number of resources of the given type used by the specific entity alone. The numbers listed outside of parentheses indicate the total resources of the given type used by the specific entity and all of its sub-entities in the hierarchy.


+-----------------------------------------------------------------------------------------------------------------------------------------------------+
; Analysis & Synthesis IP Cores Summary                                                                                                               ;
+--------+--------------+---------+--------------+--------------+-------------------------------+-----------------------------------------------------+
; Vendor ; IP Core Name ; Version ; Release Date ; License Type ; Entity Instance               ; IP Include File                                     ;
+--------+--------------+---------+--------------+--------------+-------------------------------+-----------------------------------------------------+
; Altera ; LPM_DECODE   ; N/A     ; N/A          ; N/A          ; |ControlUnit|IR_DECODE:inst   ; /home/derectus/Documents/ControlUnit/IR_DECODE.tdf  ;
; Altera ; LPM_DECODE   ; N/A     ; N/A          ; N/A          ; |ControlUnit|SC_DECODE:inst3  ; /home/derectus/Documents/ControlUnit/SC_DECODE.vhd  ;
; Altera ; LPM_DECODE   ; 13.1    ; N/A          ; N/A          ; |ControlUnit|REG_DECODE:inst5 ; /home/derectus/Documents/ControlUnit/REG_DECODE.vhd ;
; Altera ; LPM_COUNTER  ; N/A     ; N/A          ; N/A          ; |ControlUnit|SC:inst1212      ; /home/derectus/Documents/ControlUnit/SC.tdf         ;
+--------+--------------+---------+--------------+--------------+-------------------------------+-----------------------------------------------------+


+------------------------------------------------------+
; General Register Statistics                          ;
+----------------------------------------------+-------+
; Statistic                                    ; Value ;
+----------------------------------------------+-------+
; Total registers                              ; 18    ;
; Number of registers using Synchronous Clear  ; 0     ;
; Number of registers using Synchronous Load   ; 3     ;
; Number of registers using Asynchronous Clear ; 0     ;
; Number of registers using Asynchronous Load  ; 0     ;
; Number of registers using Clock Enable       ; 15    ;
; Number of registers using Preset             ; 0     ;
+----------------------------------------------+-------+


+---------------------------------------------------------------------------------------------+
; Parameter Settings for User Entity Instance: IR_DECODE:inst|lpm_decode:LPM_DECODE_component ;
+------------------------+-------------+------------------------------------------------------+
; Parameter Name         ; Value       ; Type                                                 ;
+------------------------+-------------+------------------------------------------------------+
; LPM_WIDTH              ; 4           ; Untyped                                              ;
; LPM_DECODES            ; 16          ; Untyped                                              ;
; LPM_PIPELINE           ; 1           ; Untyped                                              ;
; CASCADE_CHAIN          ; MANUAL      ; Untyped                                              ;
; DEVICE_FAMILY          ; Cyclone III ; Untyped                                              ;
; CBXI_PARAMETER         ; decode_qqh  ; Untyped                                              ;
; AUTO_CARRY_CHAINS      ; ON          ; AUTO_CARRY                                           ;
; IGNORE_CARRY_BUFFERS   ; OFF         ; IGNORE_CARRY                                         ;
; AUTO_CASCADE_CHAINS    ; ON          ; AUTO_CASCADE                                         ;
; IGNORE_CASCADE_BUFFERS ; OFF         ; IGNORE_CASCADE                                       ;
+------------------------+-------------+------------------------------------------------------+
Note: In order to hide this table in the UI and the text report file, please set the "Show Parameter Settings in Synthesis Report" option in "Analysis and Synthesis Settings -> More Settings" to "Off".


+----------------------------------------------------------------------------------------------+
; Parameter Settings for User Entity Instance: SC_DECODE:inst3|lpm_decode:LPM_DECODE_component ;
+------------------------+-------------+-------------------------------------------------------+
; Parameter Name         ; Value       ; Type                                                  ;
+------------------------+-------------+-------------------------------------------------------+
; LPM_WIDTH              ; 3           ; Signed Integer                                        ;
; LPM_DECODES            ; 8           ; Signed Integer                                        ;
; LPM_PIPELINE           ; 0           ; Untyped                                               ;
; CASCADE_CHAIN          ; MANUAL      ; Untyped                                               ;
; DEVICE_FAMILY          ; Cyclone III ; Untyped                                               ;
; CBXI_PARAMETER         ; decode_5af  ; Untyped                                               ;
; AUTO_CARRY_CHAINS      ; ON          ; AUTO_CARRY                                            ;
; IGNORE_CARRY_BUFFERS   ; OFF         ; IGNORE_CARRY                                          ;
; AUTO_CASCADE_CHAINS    ; ON          ; AUTO_CASCADE                                          ;
; IGNORE_CASCADE_BUFFERS ; OFF         ; IGNORE_CASCADE                                        ;
+------------------------+-------------+-------------------------------------------------------+
Note: In order to hide this table in the UI and the text report file, please set the "Show Parameter Settings in Synthesis Report" option in "Analysis and Synthesis Settings -> More Settings" to "Off".


+--------------------------------------------------------------------------------------------+
; Parameter Settings for User Entity Instance: SC:inst1212|lpm_counter:LPM_COUNTER_component ;
+------------------------+-------------+-----------------------------------------------------+
; Parameter Name         ; Value       ; Type                                                ;
+------------------------+-------------+-----------------------------------------------------+
; AUTO_CARRY_CHAINS      ; ON          ; AUTO_CARRY                                          ;
; IGNORE_CARRY_BUFFERS   ; OFF         ; IGNORE_CARRY                                        ;
; AUTO_CASCADE_CHAINS    ; ON          ; AUTO_CASCADE                                        ;
; IGNORE_CASCADE_BUFFERS ; OFF         ; IGNORE_CASCADE                                      ;
; LPM_WIDTH              ; 3           ; Untyped                                             ;
; LPM_DIRECTION          ; UP          ; Untyped                                             ;
; LPM_MODULUS            ; 0           ; Untyped                                             ;
; LPM_AVALUE             ; UNUSED      ; Untyped                                             ;
; LPM_SVALUE             ; UNUSED      ; Untyped                                             ;
; LPM_PORT_UPDOWN        ; PORT_UNUSED ; Untyped                                             ;
; DEVICE_FAMILY          ; Cyclone III ; Untyped                                             ;
; CARRY_CHAIN            ; MANUAL      ; Untyped                                             ;
; CARRY_CHAIN_LENGTH     ; 48          ; CARRY_CHAIN_LENGTH                                  ;
; NOT_GATE_PUSH_BACK     ; ON          ; NOT_GATE_PUSH_BACK                                  ;
; CARRY_CNT_EN           ; SMART       ; Untyped                                             ;
; LABWIDE_SCLR           ; ON          ; Untyped                                             ;
; USE_NEW_VERSION        ; TRUE        ; Untyped                                             ;
; CBXI_PARAMETER         ; cntr_k6i    ; Untyped                                             ;
+------------------------+-------------+-----------------------------------------------------+
Note: In order to hide this table in the UI and the text report file, please set the "Show Parameter Settings in Synthesis Report" option in "Analysis and Synthesis Settings -> More Settings" to "Off".


+-----------------------------------------------------------------------------------------------+
; Parameter Settings for User Entity Instance: REG_DECODE:inst5|lpm_decode:LPM_DECODE_component ;
+------------------------+-------------+--------------------------------------------------------+
; Parameter Name         ; Value       ; Type                                                   ;
+------------------------+-------------+--------------------------------------------------------+
; LPM_WIDTH              ; 2           ; Signed Integer                                         ;
; LPM_DECODES            ; 4           ; Signed Integer                                         ;
; LPM_PIPELINE           ; 0           ; Untyped                                                ;
; CASCADE_CHAIN          ; MANUAL      ; Untyped                                                ;
; DEVICE_FAMILY          ; Cyclone III ; Untyped                                                ;
; CBXI_PARAMETER         ; decode_0af  ; Untyped                                                ;
; AUTO_CARRY_CHAINS      ; ON          ; AUTO_CARRY                                             ;
; IGNORE_CARRY_BUFFERS   ; OFF         ; IGNORE_CARRY                                           ;
; AUTO_CASCADE_CHAINS    ; ON          ; AUTO_CASCADE                                           ;
; IGNORE_CASCADE_BUFFERS ; OFF         ; IGNORE_CASCADE                                         ;
+------------------------+-------------+--------------------------------------------------------+
Note: In order to hide this table in the UI and the text report file, please set the "Show Parameter Settings in Synthesis Report" option in "Analysis and Synthesis Settings -> More Settings" to "Off".


+-------------------------------+
; Elapsed Time Per Partition    ;
+----------------+--------------+
; Partition Name ; Elapsed Time ;
+----------------+--------------+
; Top            ; 00:00:01     ;
+----------------+--------------+


+-------------------------------+
; Analysis & Synthesis Messages ;
+-------------------------------+
Info: *******************************************************************
Info: Running Quartus II 64-Bit Analysis & Synthesis
    Info: Version 13.1.0 Build 162 10/23/2013 SJ Web Edition
    Info: Processing started: Wed May 15 04:31:40 2019
Info: Command: quartus_map --read_settings_files=on --write_settings_files=off ControlUnit -c ControlUnit
Info (11104): Parallel Compilation has detected 8 hyper-threaded processors. However, the extra hyper-threaded processors will not be used by default. Parallel Compilation will use 4 of the 4 physical processors detected instead.
Info (12021): Found 2 design units, including 1 entities, in source file REG_DECODE.vhd
    Info (12022): Found design unit 1: reg_decode-SYN
    Info (12023): Found entity 1: REG_DECODE
Warning (12125): Using design file ControlUnit.bdf, which is not specified as a design file for the current project, but contains definitions for 1 design units and 1 entities in project
    Info (12023): Found entity 1: ControlUnit
Info (12127): Elaborating entity "ControlUnit" for the top level hierarchy
Warning (275080): Converted elements in bus name "BUS_SEL" using legacy naming rules. Make any assignments on the new names, not on the original names.
    Warning (275081): Converted element name(s) from "BUS_SEL[3..0]" to "BUS_SEL3..0"
    Warning (275081): Converted element name(s) from "BUS_SEL[0]" to "BUS_SEL0"
    Warning (275081): Converted element name(s) from "BUS_SEL[1]" to "BUS_SEL1"
    Warning (275081): Converted element name(s) from "BUS_SEL[2]" to "BUS_SEL2"
    Warning (275081): Converted element name(s) from "BUS_SEL[3]" to "BUS_SEL3"
Warning (275080): Converted elements in bus name "BUS_SEL1" using legacy naming rules. Make any assignments on the new names, not on the original names.
    Warning (275081): Converted element name(s) from "BUS_SEL1[3..0]" to "BUS_SEL13..0"
Warning (275008): Primitive "AND2" of instance "inst113" not used
Warning (275008): Primitive "AND2" of instance "inst114" not used
Warning (275008): Primitive "NOT" of instance "inst115" not used
Warning (275008): Primitive "OR2" of instance "inst116" not used
Warning (275008): Primitive "OR2" of instance "inst117" not used
Warning (275008): Primitive "AND3" of instance "inst33" not used
Warning (275008): Primitive "AND3" of instance "inst34" not used
Warning (275008): Primitive "NOT" of instance "inst35" not used
Warning (275008): Primitive "AND2" of instance "inst38" not used
Warning (275008): Primitive "AND2" of instance "inst39" not used
Warning (275008): Primitive "AND2" of instance "inst42" not used
Warning (275008): Primitive "AND2" of instance "inst43" not used
Warning (275008): Primitive "AND2" of instance "inst44" not used
Warning (275008): Primitive "AND3" of instance "inst45" not used
Warning (275008): Primitive "AND3" of instance "inst46" not used
Warning (275008): Primitive "NOT" of instance "inst47" not used
Warning (275008): Primitive "AND2" of instance "inst48" not used
Warning (275008): Primitive "AND2" of instance "inst49" not used
Warning (275008): Primitive "OR2" of instance "inst6" not used
Warning (275008): Primitive "OR8" of instance "inst65" not used
Warning (275008): Primitive "AND2" of instance "inst6712" not used
Warning (275008): Primitive "AND2" of instance "inst68" not used
Warning (275008): Primitive "AND2" of instance "inst69" not used
Warning (275008): Primitive "AND2" of instance "inst70" not used
Warning (275008): Primitive "AND2" of instance "inst71" not used
Warning (275008): Primitive "OR2" of instance "inst72" not used
Info (12128): Elaborating entity "74147" for hierarchy "74147:inst13"
Info (12130): Elaborated megafunction instantiation "74147:inst13"
Warning (12125): Using design file IR_DECODE.tdf, which is not specified as a design file for the current project, but contains definitions for 1 design units and 1 entities in project
    Info (12023): Found entity 1: IR_DECODE
Info (12128): Elaborating entity "IR_DECODE" for hierarchy "IR_DECODE:inst"
Info (12128): Elaborating entity "lpm_decode" for hierarchy "IR_DECODE:inst|lpm_decode:LPM_DECODE_component"
Info (12130): Elaborated megafunction instantiation "IR_DECODE:inst|lpm_decode:LPM_DECODE_component"
Info (12133): Instantiated megafunction "IR_DECODE:inst|lpm_decode:LPM_DECODE_component" with the following parameter:
    Info (12134): Parameter "LPM_TYPE" = "LPM_DECODE"
    Info (12134): Parameter "LPM_WIDTH" = "4"
    Info (12134): Parameter "LPM_DECODES" = "16"
    Info (12134): Parameter "LPM_PIPELINE" = "1"
Info (12021): Found 1 design units, including 1 entities, in source file db/decode_qqh.tdf
    Info (12023): Found entity 1: decode_qqh
Info (12128): Elaborating entity "decode_qqh" for hierarchy "IR_DECODE:inst|lpm_decode:LPM_DECODE_component|decode_qqh:auto_generated"
Warning (12125): Using design file SC_DECODE.vhd, which is not specified as a design file for the current project, but contains definitions for 2 design units and 1 entities in project
    Info (12022): Found design unit 1: sc_decode-SYN
    Info (12023): Found entity 1: SC_DECODE
Info (12128): Elaborating entity "SC_DECODE" for hierarchy "SC_DECODE:inst3"
Info (12128): Elaborating entity "lpm_decode" for hierarchy "SC_DECODE:inst3|lpm_decode:LPM_DECODE_component"
Info (12130): Elaborated megafunction instantiation "SC_DECODE:inst3|lpm_decode:LPM_DECODE_component"
Info (12133): Instantiated megafunction "SC_DECODE:inst3|lpm_decode:LPM_DECODE_component" with the following parameter:
    Info (12134): Parameter "lpm_decodes" = "8"
    Info (12134): Parameter "lpm_type" = "LPM_DECODE"
    Info (12134): Parameter "lpm_width" = "3"
Info (12021): Found 1 design units, including 1 entities, in source file db/decode_5af.tdf
    Info (12023): Found entity 1: decode_5af
Info (12128): Elaborating entity "decode_5af" for hierarchy "SC_DECODE:inst3|lpm_decode:LPM_DECODE_component|decode_5af:auto_generated"
Warning (12125): Using design file SC.tdf, which is not specified as a design file for the current project, but contains definitions for 1 design units and 1 entities in project
    Info (12023): Found entity 1: SC
Info (12128): Elaborating entity "SC" for hierarchy "SC:inst1212"
Info (12128): Elaborating entity "lpm_counter" for hierarchy "SC:inst1212|lpm_counter:LPM_COUNTER_component"
Info (12130): Elaborated megafunction instantiation "SC:inst1212|lpm_counter:LPM_COUNTER_component"
Info (12133): Instantiated megafunction "SC:inst1212|lpm_counter:LPM_COUNTER_component" with the following parameter:
    Info (12134): Parameter "LPM_TYPE" = "LPM_COUNTER"
    Info (12134): Parameter "LPM_WIDTH" = "3"
    Info (12134): Parameter "LPM_DIRECTION" = "UP"
    Info (12134): Parameter "LPM_PORT_UPDOWN" = "PORT_UNUSED"
Info (12021): Found 1 design units, including 1 entities, in source file db/cntr_k6i.tdf
    Info (12023): Found entity 1: cntr_k6i
Info (12128): Elaborating entity "cntr_k6i" for hierarchy "SC:inst1212|lpm_counter:LPM_COUNTER_component|cntr_k6i:auto_generated"
Info (12128): Elaborating entity "REG_DECODE" for hierarchy "REG_DECODE:inst5"
Info (12128): Elaborating entity "lpm_decode" for hierarchy "REG_DECODE:inst5|lpm_decode:LPM_DECODE_component"
Info (12130): Elaborated megafunction instantiation "REG_DECODE:inst5|lpm_decode:LPM_DECODE_component"
Info (12133): Instantiated megafunction "REG_DECODE:inst5|lpm_decode:LPM_DECODE_component" with the following parameter:
    Info (12134): Parameter "lpm_decodes" = "4"
    Info (12134): Parameter "lpm_type" = "LPM_DECODE"
    Info (12134): Parameter "lpm_width" = "2"
Info (12021): Found 1 design units, including 1 entities, in source file db/decode_0af.tdf
    Info (12023): Found entity 1: decode_0af
Info (12128): Elaborating entity "decode_0af" for hierarchy "REG_DECODE:inst5|lpm_decode:LPM_DECODE_component|decode_0af:auto_generated"
Warning (13024): Output pins are stuck at VCC or GND
    Warning (13410): Pin "ALU_SEL[3]" is stuck at GND
Info (286030): Timing-Driven Synthesis is running
Info (16010): Generating hard_block partition "hard_block:auto_generated_inst"
    Info (16011): Adding 0 node(s), including 0 DDIO, 0 PLL, 0 transceiver and 0 LCELL
Warning (21074): Design contains 4 input pin(s) that do not drive logic
    Warning (15610): No output dependent on input pin "IR[3]"
    Warning (15610): No output dependent on input pin "IR[2]"
    Warning (15610): No output dependent on input pin "IR[1]"
    Warning (15610): No output dependent on input pin "IR[0]"
Info (21057): Implemented 80 device resources after synthesis - the final resource count might be different
    Info (21058): Implemented 13 input pins
    Info (21059): Implemented 12 output pins
    Info (21061): Implemented 55 logic cells
Info: Quartus II 64-Bit Analysis & Synthesis was successful. 0 errors, 45 warnings
    Info: Peak virtual memory: 946 megabytes
    Info: Processing ended: Wed May 15 04:31:43 2019
    Info: Elapsed time: 00:00:03
    Info: Total CPU time (on all processors): 00:00:03


